2025-12-16 09:45:51 [main] INFO  c.example.demo.TheFullApiApplication - Starting TheFullApiApplication using Java 17.0.15 with PID 15592 (C:\Users\손경원\git\the-full-api\bin\main started by 손경원 in C:\Users\손경원\git\the-full-api)
2025-12-16 09:45:51 [main] DEBUG c.example.demo.TheFullApiApplication - Running with Spring Boot v3.5.4, Spring v6.2.9
2025-12-16 09:45:51 [main] INFO  c.example.demo.TheFullApiApplication - No active profile set, falling back to 1 default profile: "default"
2025-12-16 09:45:51 [main] DEBUG o.m.s.b.a.MybatisAutoConfiguration - Searching for mappers annotated with @Mapper
2025-12-16 09:45:51 [main] DEBUG o.m.s.b.a.MybatisAutoConfiguration - Using auto-configuration base package 'com.example.demo'
2025-12-16 09:45:51 [main] DEBUG o.m.s.mapper.ClassPathMapperScanner - Identified candidate component class: file [C:\Users\손경원\git\the-full-api\bin\main\com\example\demo\mapper\AccountMapper.class]
2025-12-16 09:45:51 [main] DEBUG o.m.s.mapper.ClassPathMapperScanner - Identified candidate component class: file [C:\Users\손경원\git\the-full-api\bin\main\com\example\demo\mapper\BusinessMapper.class]
2025-12-16 09:45:51 [main] DEBUG o.m.s.mapper.ClassPathMapperScanner - Identified candidate component class: file [C:\Users\손경원\git\the-full-api\bin\main\com\example\demo\mapper\HeadOfficeMapper.class]
2025-12-16 09:45:51 [main] DEBUG o.m.s.mapper.ClassPathMapperScanner - Identified candidate component class: file [C:\Users\손경원\git\the-full-api\bin\main\com\example\demo\mapper\OperateMapper.class]
2025-12-16 09:45:51 [main] DEBUG o.m.s.mapper.ClassPathMapperScanner - Identified candidate component class: file [C:\Users\손경원\git\the-full-api\bin\main\com\example\demo\mapper\UserMapper.class]
2025-12-16 09:45:51 [main] DEBUG o.m.s.mapper.ClassPathMapperScanner - Creating MapperFactoryBean with name 'accountMapper' and 'com.example.demo.mapper.AccountMapper' mapperInterface
2025-12-16 09:45:51 [main] DEBUG o.m.s.mapper.ClassPathMapperScanner - Creating MapperFactoryBean with name 'businessMapper' and 'com.example.demo.mapper.BusinessMapper' mapperInterface
2025-12-16 09:45:51 [main] DEBUG o.m.s.mapper.ClassPathMapperScanner - Creating MapperFactoryBean with name 'headOfficeMapper' and 'com.example.demo.mapper.HeadOfficeMapper' mapperInterface
2025-12-16 09:45:51 [main] DEBUG o.m.s.mapper.ClassPathMapperScanner - Creating MapperFactoryBean with name 'operateMapper' and 'com.example.demo.mapper.OperateMapper' mapperInterface
2025-12-16 09:45:51 [main] DEBUG o.m.s.mapper.ClassPathMapperScanner - Creating MapperFactoryBean with name 'userMapper' and 'com.example.demo.mapper.UserMapper' mapperInterface
2025-12-16 09:45:52 [main] INFO  o.s.b.w.e.tomcat.TomcatWebServer - Tomcat initialized with port 8080 (http)
2025-12-16 09:45:52 [main] INFO  o.a.coyote.http11.Http11NioProtocol - Initializing ProtocolHandler ["http-nio-8080"]
2025-12-16 09:45:52 [main] INFO  o.a.catalina.core.StandardService - Starting service [Tomcat]
2025-12-16 09:45:52 [main] INFO  o.a.catalina.core.StandardEngine - Starting Servlet engine: [Apache Tomcat/10.1.43]
2025-12-16 09:45:52 [main] INFO  o.a.c.c.C.[Tomcat].[localhost].[/] - Initializing Spring embedded WebApplicationContext
2025-12-16 09:45:52 [main] INFO  o.s.b.w.s.c.ServletWebServerApplicationContext - Root WebApplicationContext: initialization completed in 1171 ms
2025-12-16 09:45:52 [main] DEBUG o.m.spring.SqlSessionFactoryBean - Parsed mapper file: 'file [C:\Users\손경원\git\the-full-api\bin\main\mybatis-mapper\AccountMapper.xml]'
2025-12-16 09:45:52 [main] DEBUG o.m.spring.SqlSessionFactoryBean - Parsed mapper file: 'file [C:\Users\손경원\git\the-full-api\bin\main\mybatis-mapper\BusinessMapper.xml]'
2025-12-16 09:45:52 [main] DEBUG o.m.spring.SqlSessionFactoryBean - Parsed mapper file: 'file [C:\Users\손경원\git\the-full-api\bin\main\mybatis-mapper\HeadOfficeMapper.xml]'
2025-12-16 09:45:52 [main] DEBUG o.m.spring.SqlSessionFactoryBean - Parsed mapper file: 'file [C:\Users\손경원\git\the-full-api\bin\main\mybatis-mapper\OperateMapper.xml]'
2025-12-16 09:45:52 [main] DEBUG o.m.spring.SqlSessionFactoryBean - Parsed mapper file: 'file [C:\Users\손경원\git\the-full-api\bin\main\mybatis-mapper\UserMapper.xml]'
2025-12-16 09:45:52 [main] DEBUG org.mybatis.spring.SqlSessionUtils - Creating a new SqlSession
2025-12-16 09:45:52 [main] DEBUG org.mybatis.spring.SqlSessionUtils - SqlSession [org.apache.ibatis.session.defaults.DefaultSqlSession@2776fd8f] was not registered for synchronization because synchronization is not active
2025-12-16 09:45:52 [main] DEBUG o.s.jdbc.datasource.DataSourceUtils - Fetching JDBC Connection from DataSource
2025-12-16 09:45:52 [main] INFO  com.zaxxer.hikari.HikariDataSource - HikariPool-1 - Starting...
2025-12-16 09:45:53 [main] INFO  com.zaxxer.hikari.pool.HikariPool - HikariPool-1 - Added connection com.mysql.cj.jdbc.ConnectionImpl@2109a691
2025-12-16 09:45:53 [main] INFO  com.zaxxer.hikari.HikariDataSource - HikariPool-1 - Start completed.
2025-12-16 09:45:53 [main] DEBUG o.m.s.t.SpringManagedTransaction - JDBC Connection [HikariProxyConnection@1850834078 wrapping com.mysql.cj.jdbc.ConnectionImpl@2109a691] will not be managed by Spring
2025-12-16 09:45:53 [main] DEBUG c.e.d.m.A.BatchForPayBack - ==>  Preparing: SELECT account_id, total_days, total_days * 0.15 AS payback_price, count_year as year, count_month as month FROM ( SELECT account_id, (COALESCE(day_1, 0) + COALESCE(day_2, 0) + COALESCE(day_3, 0) + COALESCE(day_4, 0) + COALESCE(day_5, 0) + COALESCE(day_6, 0) + COALESCE(day_7, 0) + COALESCE(day_8, 0) + COALESCE(day_9, 0) + COALESCE(day_10, 0) + COALESCE(day_11, 0) + COALESCE(day_12, 0) + COALESCE(day_13, 0) + COALESCE(day_14, 0) + COALESCE(day_15, 0) + COALESCE(day_16, 0) + COALESCE(day_17, 0) + COALESCE(day_18, 0) + COALESCE(day_19, 0) + COALESCE(day_20, 0) + COALESCE(day_21, 0) + COALESCE(day_22, 0) + COALESCE(day_23, 0) + COALESCE(day_24, 0) + COALESCE(day_25, 0) + COALESCE(day_26, 0) + COALESCE(day_27, 0) + COALESCE(day_28, 0) + COALESCE(day_29, 0) + COALESCE(day_30, 0) + COALESCE(day_31, 0) ) AS total_days, count_year, count_month FROM tb_account_tally_sheet WHERE count_year = ? AND count_month = ? AND type = 2 ) AS t
2025-12-16 09:45:53 [main] DEBUG c.e.d.m.A.BatchForPayBack - ==> Parameters: 2025(Integer), 10(String)
2025-12-16 09:45:53 [main] DEBUG c.e.d.m.A.BatchForPayBack - <==      Total: 1
2025-12-16 09:45:53 [main] DEBUG org.mybatis.spring.SqlSessionUtils - Closing non transactional SqlSession [org.apache.ibatis.session.defaults.DefaultSqlSession@2776fd8f]
2025-12-16 09:45:53 [main] DEBUG org.mybatis.spring.SqlSessionUtils - Creating a new SqlSession
2025-12-16 09:45:53 [main] DEBUG org.mybatis.spring.SqlSessionUtils - SqlSession [org.apache.ibatis.session.defaults.DefaultSqlSession@6728370a] was not registered for synchronization because synchronization is not active
2025-12-16 09:45:53 [main] DEBUG o.s.jdbc.datasource.DataSourceUtils - Fetching JDBC Connection from DataSource
2025-12-16 09:45:53 [main] DEBUG o.m.s.t.SpringManagedTransaction - JDBC Connection [HikariProxyConnection@1427089775 wrapping com.mysql.cj.jdbc.ConnectionImpl@2109a691] will not be managed by Spring
2025-12-16 09:45:53 [main] DEBUG c.e.d.m.H.ProfitLossTableSave - ==>  Preparing: INSERT INTO tb_account_managerment_table ( account_id, year, month, living_estimate, living_estimate_ratio, basic_estimate, basic_estimate_ratio, living_cost, living_ratio, basic_cost, basic_ratio, employ_cost, employ_ratio, daycare_cost, daycare_ratio, daycare_emp_cost, daycare_emp_ratio, payback_price, payback_ratio, duty_secure, duty_secure_ratio, food_process, food_trash_ratio, dishwasher, dishwasher_ratio, cesco, cesco_ratio, water_puri, water_ratio, utility_bills, utility_ratio, food_cost, food_ratio, etc_cost, etc_ratio, estimate_total, estimate_total_ratio, dispatch_cost, dispatch_ratio, person_cost, person_ratio, sales_total, sales_total_ratio, purchase_total, purchase_total_ratio, person_total, person_total_ratio, indirect_total, indirect_total_ratio, business_profit, business_profit_ratio, update_dt ) VALUES ( ?, ?, ?, ?, ?, ?, ?, ?, ?, ?, ?, ?, ?, ?, ?, ?, ?, ?, ?, ?, ?, ?, ?, ?, ?, ?, ?, ?, ?, ?, ?, ?, ?, ?, ?, ?, ?, ?, ?, ?, ?, ?, ?, ?, ?, ?, ?, ?, ?, ?, ?, NOW() ) ON DUPLICATE KEY UPDATE payback_price = ?, update_dt = NOW()
2025-12-16 09:45:53 [main] DEBUG c.e.d.m.H.ProfitLossTableSave - ==> Parameters: 20250819193455(String), 2025(String), 10(String), null, null, null, null, null, null, null, null, null, null, null, null, null, null, 1671309.00(BigDecimal), null, null, null, null, null, null, null, null, null, null, null, null, null, null, null, null, null, null, null, null, null, null, null, null, null, null, null, null, null, null, null, null, null, 1671309.00(BigDecimal)
2025-12-16 09:45:53 [main] DEBUG c.e.d.m.H.ProfitLossTableSave - <==    Updates: 2
2025-12-16 09:45:53 [main] DEBUG org.mybatis.spring.SqlSessionUtils - Closing non transactional SqlSession [org.apache.ibatis.session.defaults.DefaultSqlSession@6728370a]
2025-12-16 09:45:55 [main] DEBUG o.s.w.s.m.m.a.RequestMappingHandlerMapping - 106 mappings in 'requestMappingHandlerMapping'
2025-12-16 09:45:55 [main] DEBUG o.m.s.b.a.MybatisAutoConfiguration - Not found configuration for registering mapper bean using @MapperScan, MapperFactoryBean and MapperScannerConfigurer.
2025-12-16 09:45:55 [main] INFO  o.a.coyote.http11.Http11NioProtocol - Starting ProtocolHandler ["http-nio-8080"]
2025-12-16 09:45:55 [main] INFO  o.s.b.w.e.tomcat.TomcatWebServer - Tomcat started on port 8080 (http) with context path '/'
2025-12-16 09:45:55 [main] INFO  c.example.demo.TheFullApiApplication - Started TheFullApiApplication in 4.707 seconds (process running for 5.348)
2025-12-16 09:46:46 [http-nio-8080-exec-1] INFO  o.a.c.c.C.[Tomcat].[localhost].[/] - Initializing Spring DispatcherServlet 'dispatcherServlet'
2025-12-16 09:46:46 [http-nio-8080-exec-1] INFO  o.s.web.servlet.DispatcherServlet - Initializing Servlet 'dispatcherServlet'
2025-12-16 09:46:46 [http-nio-8080-exec-1] INFO  o.s.web.servlet.DispatcherServlet - Completed initialization in 1 ms
2025-12-16 09:46:46 [http-nio-8080-exec-1] DEBUG o.s.w.s.m.m.a.RequestMappingHandlerMapping - Mapped to com.example.demo.controller.UserController#Login(HashMap)
2025-12-16 09:46:46 [http-nio-8080-exec-2] DEBUG o.s.w.s.m.m.a.RequestMappingHandlerMapping - Mapped to com.example.demo.controller.UserController#Login(HashMap)
2025-12-16 09:46:46 [http-nio-8080-exec-2] DEBUG org.mybatis.spring.SqlSessionUtils - Creating a new SqlSession
2025-12-16 09:46:46 [http-nio-8080-exec-2] DEBUG org.mybatis.spring.SqlSessionUtils - SqlSession [org.apache.ibatis.session.defaults.DefaultSqlSession@7d572ac2] was not registered for synchronization because synchronization is not active
2025-12-16 09:46:46 [http-nio-8080-exec-2] DEBUG o.s.jdbc.datasource.DataSourceUtils - Fetching JDBC Connection from DataSource
2025-12-16 09:46:46 [http-nio-8080-exec-2] DEBUG o.m.s.t.SpringManagedTransaction - JDBC Connection [HikariProxyConnection@73311860 wrapping com.mysql.cj.jdbc.ConnectionImpl@2109a691] will not be managed by Spring
2025-12-16 09:46:46 [http-nio-8080-exec-2] DEBUG c.e.demo.mapper.UserMapper.Login - ==>  Preparing: call tb_user_login(?, ?)
2025-12-16 09:46:46 [http-nio-8080-exec-2] DEBUG c.e.demo.mapper.UserMapper.Login - ==> Parameters: britzsky(String), 1234(String)
2025-12-16 09:46:46 [http-nio-8080-exec-2] DEBUG c.e.demo.mapper.UserMapper.Login - <==      Total: 1
2025-12-16 09:46:46 [http-nio-8080-exec-2] DEBUG c.e.demo.mapper.UserMapper.Login - <==    Updates: 0
2025-12-16 09:46:46 [http-nio-8080-exec-2] DEBUG org.mybatis.spring.SqlSessionUtils - Closing non transactional SqlSession [org.apache.ibatis.session.defaults.DefaultSqlSession@7d572ac2]
2025-12-16 09:46:46 [http-nio-8080-exec-3] DEBUG o.s.w.s.m.m.a.RequestMappingHandlerMapping - Mapped to com.example.demo.controller.UserController#ContractEndAccountList()
2025-12-16 09:46:46 [http-nio-8080-exec-3] DEBUG org.mybatis.spring.SqlSessionUtils - Creating a new SqlSession
2025-12-16 09:46:46 [http-nio-8080-exec-3] DEBUG org.mybatis.spring.SqlSessionUtils - SqlSession [org.apache.ibatis.session.defaults.DefaultSqlSession@79bafa89] was not registered for synchronization because synchronization is not active
2025-12-16 09:46:46 [http-nio-8080-exec-3] DEBUG o.s.jdbc.datasource.DataSourceUtils - Fetching JDBC Connection from DataSource
2025-12-16 09:46:46 [http-nio-8080-exec-3] DEBUG o.m.s.t.SpringManagedTransaction - JDBC Connection [HikariProxyConnection@2105897318 wrapping com.mysql.cj.jdbc.ConnectionImpl@2109a691] will not be managed by Spring
2025-12-16 09:46:46 [http-nio-8080-exec-3] DEBUG c.e.d.m.U.ContractEndAccountList - ==>  Preparing: SELECT a.account_id, a.account_name, DATE_FORMAT(ai.contract_end, '%Y-%m-%d') as contract_end FROM tb_account_info ai JOIN tb_account a ON a.account_id = ai.account_id WHERE ai.contract_end > NOW() AND ai.contract_end < DATE_ADD(NOW(), INTERVAL 3 MONTH) AND a.del_yn = 'N'
2025-12-16 09:46:46 [http-nio-8080-exec-3] DEBUG c.e.d.m.U.ContractEndAccountList - ==> Parameters: 
2025-12-16 09:46:46 [http-nio-8080-exec-3] DEBUG c.e.d.m.U.ContractEndAccountList - <==      Total: 7
2025-12-16 09:46:46 [http-nio-8080-exec-3] DEBUG org.mybatis.spring.SqlSessionUtils - Closing non transactional SqlSession [org.apache.ibatis.session.defaults.DefaultSqlSession@79bafa89]
2025-12-16 09:47:14 [http-nio-8080-exec-4] DEBUG o.s.w.s.m.m.a.RequestMappingHandlerMapping - Mapped to com.example.demo.controller.AccountController#AccountList(Map)
2025-12-16 09:47:14 [http-nio-8080-exec-4] DEBUG org.mybatis.spring.SqlSessionUtils - Creating a new SqlSession
2025-12-16 09:47:14 [http-nio-8080-exec-4] DEBUG org.mybatis.spring.SqlSessionUtils - SqlSession [org.apache.ibatis.session.defaults.DefaultSqlSession@571d030e] was not registered for synchronization because synchronization is not active
2025-12-16 09:47:14 [http-nio-8080-exec-4] DEBUG o.s.jdbc.datasource.DataSourceUtils - Fetching JDBC Connection from DataSource
2025-12-16 09:47:14 [http-nio-8080-exec-4] DEBUG o.m.s.t.SpringManagedTransaction - JDBC Connection [HikariProxyConnection@450728500 wrapping com.mysql.cj.jdbc.ConnectionImpl@2109a691] will not be managed by Spring
2025-12-16 09:47:14 [http-nio-8080-exec-4] DEBUG c.e.d.m.AccountMapper.AccountList - ==>  Preparing: SELECT account_id, account_name, concat(ifnull(account_address,''), ' ', ifnull(account_address_detail,'')) as account_address, case account_type when 1 then '위탁급식' when 2 then '도소매' when 3 then '프랜차이즈' when 4 then '산업체' else '학교' end as account_type, account_rqd_member, account_headcount FROM tb_account WHERE del_yn = 'N' AND account_type in (1,2,4,5)
2025-12-16 09:47:14 [http-nio-8080-exec-4] DEBUG c.e.d.m.AccountMapper.AccountList - ==> Parameters: 
2025-12-16 09:47:14 [http-nio-8080-exec-4] DEBUG c.e.d.m.AccountMapper.AccountList - <==      Total: 58
2025-12-16 09:47:14 [http-nio-8080-exec-4] DEBUG org.mybatis.spring.SqlSessionUtils - Closing non transactional SqlSession [org.apache.ibatis.session.defaults.DefaultSqlSession@571d030e]
2025-12-16 09:47:17 [http-nio-8080-exec-5] DEBUG o.s.w.s.m.m.a.RequestMappingHandlerMapping - Mapped to com.example.demo.controller.AccountController#AccountList(Map)
2025-12-16 09:47:17 [http-nio-8080-exec-5] DEBUG org.mybatis.spring.SqlSessionUtils - Creating a new SqlSession
2025-12-16 09:47:17 [http-nio-8080-exec-5] DEBUG org.mybatis.spring.SqlSessionUtils - SqlSession [org.apache.ibatis.session.defaults.DefaultSqlSession@63c59543] was not registered for synchronization because synchronization is not active
2025-12-16 09:47:17 [http-nio-8080-exec-5] DEBUG o.s.jdbc.datasource.DataSourceUtils - Fetching JDBC Connection from DataSource
2025-12-16 09:47:17 [http-nio-8080-exec-5] DEBUG o.m.s.t.SpringManagedTransaction - JDBC Connection [HikariProxyConnection@1828874059 wrapping com.mysql.cj.jdbc.ConnectionImpl@2109a691] will not be managed by Spring
2025-12-16 09:47:17 [http-nio-8080-exec-5] DEBUG c.e.d.m.AccountMapper.AccountList - ==>  Preparing: SELECT account_id, account_name, concat(ifnull(account_address,''), ' ', ifnull(account_address_detail,'')) as account_address, case account_type when 1 then '위탁급식' when 2 then '도소매' when 3 then '프랜차이즈' when 4 then '산업체' else '학교' end as account_type, account_rqd_member, account_headcount FROM tb_account WHERE del_yn = 'N' AND account_type in (1,2,4,5)
2025-12-16 09:47:17 [http-nio-8080-exec-5] DEBUG c.e.d.m.AccountMapper.AccountList - ==> Parameters: 
2025-12-16 09:47:17 [http-nio-8080-exec-5] DEBUG c.e.d.m.AccountMapper.AccountList - <==      Total: 58
2025-12-16 09:47:17 [http-nio-8080-exec-5] DEBUG org.mybatis.spring.SqlSessionUtils - Closing non transactional SqlSession [org.apache.ibatis.session.defaults.DefaultSqlSession@63c59543]
2025-12-16 09:47:17 [http-nio-8080-exec-6] DEBUG o.s.w.s.m.m.a.RequestMappingHandlerMapping - Mapped to com.example.demo.controller.OperateController#AccountDinnersNumberList(Map)
2025-12-16 09:47:17 [http-nio-8080-exec-7] DEBUG o.s.w.s.m.m.a.RequestMappingHandlerMapping - Mapped to com.example.demo.controller.BusinessController#AccountEctDietList(Map)
2025-12-16 09:47:17 [http-nio-8080-exec-6] DEBUG org.mybatis.spring.SqlSessionUtils - Creating a new SqlSession
2025-12-16 09:47:17 [http-nio-8080-exec-7] DEBUG org.mybatis.spring.SqlSessionUtils - Creating a new SqlSession
2025-12-16 09:47:17 [http-nio-8080-exec-7] DEBUG org.mybatis.spring.SqlSessionUtils - SqlSession [org.apache.ibatis.session.defaults.DefaultSqlSession@e978183] was not registered for synchronization because synchronization is not active
2025-12-16 09:47:17 [http-nio-8080-exec-6] DEBUG org.mybatis.spring.SqlSessionUtils - SqlSession [org.apache.ibatis.session.defaults.DefaultSqlSession@f6fb651] was not registered for synchronization because synchronization is not active
2025-12-16 09:47:17 [http-nio-8080-exec-6] DEBUG o.s.jdbc.datasource.DataSourceUtils - Fetching JDBC Connection from DataSource
2025-12-16 09:47:17 [http-nio-8080-exec-7] DEBUG o.s.jdbc.datasource.DataSourceUtils - Fetching JDBC Connection from DataSource
2025-12-16 09:47:17 [http-nio-8080-exec-6] DEBUG o.m.s.t.SpringManagedTransaction - JDBC Connection [HikariProxyConnection@189805412 wrapping com.mysql.cj.jdbc.ConnectionImpl@2109a691] will not be managed by Spring
2025-12-16 09:47:17 [http-nio-8080-exec-6] DEBUG c.e.d.m.O.AccountDinnersNumberList - ==>  Preparing: SELECT * FROM tb_account_diners_number WHERE account_id = ? AND diner_year = ? AND diner_month = ?
2025-12-16 09:47:17 [http-nio-8080-exec-6] DEBUG c.e.d.m.O.AccountDinnersNumberList - ==> Parameters: 20250819193455(String), 2025(String), 12(String)
2025-12-16 09:47:17 [http-nio-8080-exec-7] DEBUG o.m.s.t.SpringManagedTransaction - JDBC Connection [HikariProxyConnection@1990739347 wrapping com.mysql.cj.jdbc.ConnectionImpl@7f4d3e96] will not be managed by Spring
2025-12-16 09:47:17 [http-nio-8080-exec-7] DEBUG c.e.d.m.B.AccountEctDietList - ==>  Preparing: SELECT extra_diet1_name, extra_diet1_price, extra_diet2_name, extra_diet2_price, extra_diet3_name, extra_diet3_price, extra_diet4_name, extra_diet4_price, extra_diet5_name, extra_diet5_price FROM tb_account_info WHERE account_id = ?
2025-12-16 09:47:17 [http-nio-8080-exec-7] DEBUG c.e.d.m.B.AccountEctDietList - ==> Parameters: 20250819193455(String)
2025-12-16 09:47:17 [http-nio-8080-exec-7] DEBUG c.e.d.m.B.AccountEctDietList - <==      Total: 1
2025-12-16 09:47:17 [http-nio-8080-exec-7] DEBUG org.mybatis.spring.SqlSessionUtils - Closing non transactional SqlSession [org.apache.ibatis.session.defaults.DefaultSqlSession@e978183]
2025-12-16 09:47:17 [http-nio-8080-exec-6] DEBUG c.e.d.m.O.AccountDinnersNumberList - <==      Total: 0
2025-12-16 09:47:17 [http-nio-8080-exec-6] DEBUG org.mybatis.spring.SqlSessionUtils - Closing non transactional SqlSession [org.apache.ibatis.session.defaults.DefaultSqlSession@f6fb651]
2025-12-16 09:47:54 [http-nio-8080-exec-8] DEBUG o.s.w.s.m.m.a.RequestMappingHandlerMapping - Mapped to com.example.demo.controller.AccountController#AccountList(Map)
2025-12-16 09:47:54 [http-nio-8080-exec-8] DEBUG org.mybatis.spring.SqlSessionUtils - Creating a new SqlSession
2025-12-16 09:47:54 [http-nio-8080-exec-8] DEBUG org.mybatis.spring.SqlSessionUtils - SqlSession [org.apache.ibatis.session.defaults.DefaultSqlSession@27e938e3] was not registered for synchronization because synchronization is not active
2025-12-16 09:47:54 [http-nio-8080-exec-8] DEBUG o.s.jdbc.datasource.DataSourceUtils - Fetching JDBC Connection from DataSource
2025-12-16 09:47:54 [http-nio-8080-exec-8] DEBUG o.m.s.t.SpringManagedTransaction - JDBC Connection [HikariProxyConnection@690930286 wrapping com.mysql.cj.jdbc.ConnectionImpl@2109a691] will not be managed by Spring
2025-12-16 09:47:54 [http-nio-8080-exec-8] DEBUG c.e.d.m.AccountMapper.AccountList - ==>  Preparing: SELECT account_id, account_name, concat(ifnull(account_address,''), ' ', ifnull(account_address_detail,'')) as account_address, case account_type when 1 then '위탁급식' when 2 then '도소매' when 3 then '프랜차이즈' when 4 then '산업체' else '학교' end as account_type, account_rqd_member, account_headcount FROM tb_account WHERE del_yn = 'N' AND account_type in (1,2,4,5)
2025-12-16 09:47:54 [http-nio-8080-exec-8] DEBUG c.e.d.m.AccountMapper.AccountList - ==> Parameters: 
2025-12-16 09:47:54 [http-nio-8080-exec-8] DEBUG c.e.d.m.AccountMapper.AccountList - <==      Total: 58
2025-12-16 09:47:54 [http-nio-8080-exec-8] DEBUG org.mybatis.spring.SqlSessionUtils - Closing non transactional SqlSession [org.apache.ibatis.session.defaults.DefaultSqlSession@27e938e3]
2025-12-16 09:47:54 [http-nio-8080-exec-9] DEBUG o.s.w.s.m.m.a.RequestMappingHandlerMapping - Mapped to com.example.demo.controller.OperateController#AccountDinnersNumberList(Map)
2025-12-16 09:47:54 [http-nio-8080-exec-10] DEBUG o.s.w.s.m.m.a.RequestMappingHandlerMapping - Mapped to com.example.demo.controller.BusinessController#AccountEctDietList(Map)
2025-12-16 09:47:54 [http-nio-8080-exec-9] DEBUG org.mybatis.spring.SqlSessionUtils - Creating a new SqlSession
2025-12-16 09:47:54 [http-nio-8080-exec-9] DEBUG org.mybatis.spring.SqlSessionUtils - SqlSession [org.apache.ibatis.session.defaults.DefaultSqlSession@95ab9e1] was not registered for synchronization because synchronization is not active
2025-12-16 09:47:54 [http-nio-8080-exec-9] DEBUG o.s.jdbc.datasource.DataSourceUtils - Fetching JDBC Connection from DataSource
2025-12-16 09:47:54 [http-nio-8080-exec-9] DEBUG o.m.s.t.SpringManagedTransaction - JDBC Connection [HikariProxyConnection@127751866 wrapping com.mysql.cj.jdbc.ConnectionImpl@2109a691] will not be managed by Spring
2025-12-16 09:47:54 [http-nio-8080-exec-9] DEBUG c.e.d.m.O.AccountDinnersNumberList - ==>  Preparing: SELECT * FROM tb_account_diners_number WHERE account_id = ? AND diner_year = ? AND diner_month = ?
2025-12-16 09:47:54 [http-nio-8080-exec-10] DEBUG org.mybatis.spring.SqlSessionUtils - Creating a new SqlSession
2025-12-16 09:47:54 [http-nio-8080-exec-10] DEBUG org.mybatis.spring.SqlSessionUtils - SqlSession [org.apache.ibatis.session.defaults.DefaultSqlSession@32aa8e47] was not registered for synchronization because synchronization is not active
2025-12-16 09:47:54 [http-nio-8080-exec-10] DEBUG o.s.jdbc.datasource.DataSourceUtils - Fetching JDBC Connection from DataSource
2025-12-16 09:47:54 [http-nio-8080-exec-9] DEBUG c.e.d.m.O.AccountDinnersNumberList - ==> Parameters: 20250819193455(String), 2025(String), 12(String)
2025-12-16 09:47:54 [http-nio-8080-exec-10] DEBUG o.m.s.t.SpringManagedTransaction - JDBC Connection [HikariProxyConnection@915737802 wrapping com.mysql.cj.jdbc.ConnectionImpl@7f4d3e96] will not be managed by Spring
2025-12-16 09:47:54 [http-nio-8080-exec-10] DEBUG c.e.d.m.B.AccountEctDietList - ==>  Preparing: SELECT extra_diet1_name, extra_diet1_price, extra_diet2_name, extra_diet2_price, extra_diet3_name, extra_diet3_price, extra_diet4_name, extra_diet4_price, extra_diet5_name, extra_diet5_price FROM tb_account_info WHERE account_id = ?
2025-12-16 09:47:54 [http-nio-8080-exec-10] DEBUG c.e.d.m.B.AccountEctDietList - ==> Parameters: 20250819193455(String)
2025-12-16 09:47:54 [http-nio-8080-exec-9] DEBUG c.e.d.m.O.AccountDinnersNumberList - <==      Total: 0
2025-12-16 09:47:54 [http-nio-8080-exec-9] DEBUG org.mybatis.spring.SqlSessionUtils - Closing non transactional SqlSession [org.apache.ibatis.session.defaults.DefaultSqlSession@95ab9e1]
2025-12-16 09:47:54 [http-nio-8080-exec-10] DEBUG c.e.d.m.B.AccountEctDietList - <==      Total: 1
2025-12-16 09:47:54 [http-nio-8080-exec-10] DEBUG org.mybatis.spring.SqlSessionUtils - Closing non transactional SqlSession [org.apache.ibatis.session.defaults.DefaultSqlSession@32aa8e47]
2025-12-16 09:50:54 [http-nio-8080-exec-3] DEBUG o.s.w.s.m.m.a.RequestMappingHandlerMapping - Mapped to com.example.demo.controller.AccountController#AccountList(Map)
2025-12-16 09:50:54 [http-nio-8080-exec-3] DEBUG org.mybatis.spring.SqlSessionUtils - Creating a new SqlSession
2025-12-16 09:50:54 [http-nio-8080-exec-3] DEBUG org.mybatis.spring.SqlSessionUtils - SqlSession [org.apache.ibatis.session.defaults.DefaultSqlSession@6a45f2ed] was not registered for synchronization because synchronization is not active
2025-12-16 09:50:54 [http-nio-8080-exec-3] DEBUG o.s.jdbc.datasource.DataSourceUtils - Fetching JDBC Connection from DataSource
2025-12-16 09:50:54 [http-nio-8080-exec-3] DEBUG o.m.s.t.SpringManagedTransaction - JDBC Connection [HikariProxyConnection@1559124256 wrapping com.mysql.cj.jdbc.ConnectionImpl@2109a691] will not be managed by Spring
2025-12-16 09:50:54 [http-nio-8080-exec-3] DEBUG c.e.d.m.AccountMapper.AccountList - ==>  Preparing: SELECT account_id, account_name, concat(ifnull(account_address,''), ' ', ifnull(account_address_detail,'')) as account_address, case account_type when 1 then '위탁급식' when 2 then '도소매' when 3 then '프랜차이즈' when 4 then '산업체' else '학교' end as account_type, account_rqd_member, account_headcount FROM tb_account WHERE del_yn = 'N' AND account_type in (1,2,4,5)
2025-12-16 09:50:54 [http-nio-8080-exec-3] DEBUG c.e.d.m.AccountMapper.AccountList - ==> Parameters: 
2025-12-16 09:50:54 [http-nio-8080-exec-3] DEBUG c.e.d.m.AccountMapper.AccountList - <==      Total: 58
2025-12-16 09:50:54 [http-nio-8080-exec-3] DEBUG org.mybatis.spring.SqlSessionUtils - Closing non transactional SqlSession [org.apache.ibatis.session.defaults.DefaultSqlSession@6a45f2ed]
2025-12-16 09:50:55 [http-nio-8080-exec-4] DEBUG o.s.w.s.m.m.a.RequestMappingHandlerMapping - Mapped to com.example.demo.controller.OperateController#AccountDinnersNumberList(Map)
2025-12-16 09:50:55 [http-nio-8080-exec-4] DEBUG org.mybatis.spring.SqlSessionUtils - Creating a new SqlSession
2025-12-16 09:50:55 [http-nio-8080-exec-5] DEBUG o.s.w.s.m.m.a.RequestMappingHandlerMapping - Mapped to com.example.demo.controller.BusinessController#AccountEctDietList(Map)
2025-12-16 09:50:55 [http-nio-8080-exec-4] DEBUG org.mybatis.spring.SqlSessionUtils - SqlSession [org.apache.ibatis.session.defaults.DefaultSqlSession@7eca82eb] was not registered for synchronization because synchronization is not active
2025-12-16 09:50:55 [http-nio-8080-exec-4] DEBUG o.s.jdbc.datasource.DataSourceUtils - Fetching JDBC Connection from DataSource
2025-12-16 09:50:55 [http-nio-8080-exec-4] DEBUG o.m.s.t.SpringManagedTransaction - JDBC Connection [HikariProxyConnection@143083621 wrapping com.mysql.cj.jdbc.ConnectionImpl@2109a691] will not be managed by Spring
2025-12-16 09:50:55 [http-nio-8080-exec-4] DEBUG c.e.d.m.O.AccountDinnersNumberList - ==>  Preparing: SELECT * FROM tb_account_diners_number WHERE account_id = ? AND diner_year = ? AND diner_month = ?
2025-12-16 09:50:55 [http-nio-8080-exec-5] DEBUG org.mybatis.spring.SqlSessionUtils - Creating a new SqlSession
2025-12-16 09:50:55 [http-nio-8080-exec-5] DEBUG org.mybatis.spring.SqlSessionUtils - SqlSession [org.apache.ibatis.session.defaults.DefaultSqlSession@2c3f6d70] was not registered for synchronization because synchronization is not active
2025-12-16 09:50:55 [http-nio-8080-exec-5] DEBUG o.s.jdbc.datasource.DataSourceUtils - Fetching JDBC Connection from DataSource
2025-12-16 09:50:55 [http-nio-8080-exec-4] DEBUG c.e.d.m.O.AccountDinnersNumberList - ==> Parameters: 20250819193455(String), 2025(String), 12(String)
2025-12-16 09:50:55 [http-nio-8080-exec-5] DEBUG o.m.s.t.SpringManagedTransaction - JDBC Connection [HikariProxyConnection@1663015481 wrapping com.mysql.cj.jdbc.ConnectionImpl@7f4d3e96] will not be managed by Spring
2025-12-16 09:50:55 [http-nio-8080-exec-5] DEBUG c.e.d.m.B.AccountEctDietList - ==>  Preparing: SELECT extra_diet1_name, extra_diet1_price, extra_diet2_name, extra_diet2_price, extra_diet3_name, extra_diet3_price, extra_diet4_name, extra_diet4_price, extra_diet5_name, extra_diet5_price FROM tb_account_info WHERE account_id = ?
2025-12-16 09:50:55 [http-nio-8080-exec-5] DEBUG c.e.d.m.B.AccountEctDietList - ==> Parameters: 20250819193455(String)
2025-12-16 09:50:55 [http-nio-8080-exec-4] DEBUG c.e.d.m.O.AccountDinnersNumberList - <==      Total: 0
2025-12-16 09:50:55 [http-nio-8080-exec-4] DEBUG org.mybatis.spring.SqlSessionUtils - Closing non transactional SqlSession [org.apache.ibatis.session.defaults.DefaultSqlSession@7eca82eb]
2025-12-16 09:50:55 [http-nio-8080-exec-5] DEBUG c.e.d.m.B.AccountEctDietList - <==      Total: 1
2025-12-16 09:50:55 [http-nio-8080-exec-5] DEBUG org.mybatis.spring.SqlSessionUtils - Closing non transactional SqlSession [org.apache.ibatis.session.defaults.DefaultSqlSession@2c3f6d70]
2025-12-16 09:51:44 [http-nio-8080-exec-7] DEBUG o.s.w.s.m.m.a.RequestMappingHandlerMapping - Mapped to com.example.demo.controller.AccountController#AccountList(Map)
2025-12-16 09:51:44 [http-nio-8080-exec-7] DEBUG org.mybatis.spring.SqlSessionUtils - Creating a new SqlSession
2025-12-16 09:51:44 [http-nio-8080-exec-7] DEBUG org.mybatis.spring.SqlSessionUtils - SqlSession [org.apache.ibatis.session.defaults.DefaultSqlSession@599c5dba] was not registered for synchronization because synchronization is not active
2025-12-16 09:51:44 [http-nio-8080-exec-7] DEBUG o.s.jdbc.datasource.DataSourceUtils - Fetching JDBC Connection from DataSource
2025-12-16 09:51:44 [http-nio-8080-exec-7] DEBUG o.m.s.t.SpringManagedTransaction - JDBC Connection [HikariProxyConnection@1839992775 wrapping com.mysql.cj.jdbc.ConnectionImpl@7f4d3e96] will not be managed by Spring
2025-12-16 09:51:44 [http-nio-8080-exec-7] DEBUG c.e.d.m.AccountMapper.AccountList - ==>  Preparing: SELECT account_id, account_name, concat(ifnull(account_address,''), ' ', ifnull(account_address_detail,'')) as account_address, case account_type when 1 then '위탁급식' when 2 then '도소매' when 3 then '프랜차이즈' when 4 then '산업체' else '학교' end as account_type, account_rqd_member, account_headcount FROM tb_account WHERE del_yn = 'N' AND account_type in (1,2,4,5)
2025-12-16 09:51:44 [http-nio-8080-exec-7] DEBUG c.e.d.m.AccountMapper.AccountList - ==> Parameters: 
2025-12-16 09:51:44 [http-nio-8080-exec-7] DEBUG c.e.d.m.AccountMapper.AccountList - <==      Total: 58
2025-12-16 09:51:44 [http-nio-8080-exec-7] DEBUG org.mybatis.spring.SqlSessionUtils - Closing non transactional SqlSession [org.apache.ibatis.session.defaults.DefaultSqlSession@599c5dba]
2025-12-16 09:51:44 [http-nio-8080-exec-8] DEBUG o.s.w.s.m.m.a.RequestMappingHandlerMapping - Mapped to com.example.demo.controller.BusinessController#AccountEctDietList(Map)
2025-12-16 09:51:44 [http-nio-8080-exec-6] DEBUG o.s.w.s.m.m.a.RequestMappingHandlerMapping - Mapped to com.example.demo.controller.OperateController#AccountDinnersNumberList(Map)
2025-12-16 09:51:44 [http-nio-8080-exec-6] DEBUG org.mybatis.spring.SqlSessionUtils - Creating a new SqlSession
2025-12-16 09:51:44 [http-nio-8080-exec-8] DEBUG org.mybatis.spring.SqlSessionUtils - Creating a new SqlSession
2025-12-16 09:51:44 [http-nio-8080-exec-6] DEBUG org.mybatis.spring.SqlSessionUtils - SqlSession [org.apache.ibatis.session.defaults.DefaultSqlSession@df9254c] was not registered for synchronization because synchronization is not active
2025-12-16 09:51:44 [http-nio-8080-exec-8] DEBUG org.mybatis.spring.SqlSessionUtils - SqlSession [org.apache.ibatis.session.defaults.DefaultSqlSession@6813c855] was not registered for synchronization because synchronization is not active
2025-12-16 09:51:44 [http-nio-8080-exec-6] DEBUG o.s.jdbc.datasource.DataSourceUtils - Fetching JDBC Connection from DataSource
2025-12-16 09:51:44 [http-nio-8080-exec-8] DEBUG o.s.jdbc.datasource.DataSourceUtils - Fetching JDBC Connection from DataSource
2025-12-16 09:51:44 [http-nio-8080-exec-8] DEBUG o.m.s.t.SpringManagedTransaction - JDBC Connection [HikariProxyConnection@106158996 wrapping com.mysql.cj.jdbc.ConnectionImpl@7f4d3e96] will not be managed by Spring
2025-12-16 09:51:44 [http-nio-8080-exec-8] DEBUG c.e.d.m.B.AccountEctDietList - ==>  Preparing: SELECT extra_diet1_name, extra_diet1_price, extra_diet2_name, extra_diet2_price, extra_diet3_name, extra_diet3_price, extra_diet4_name, extra_diet4_price, extra_diet5_name, extra_diet5_price FROM tb_account_info WHERE account_id = ?
2025-12-16 09:51:44 [http-nio-8080-exec-6] DEBUG o.m.s.t.SpringManagedTransaction - JDBC Connection [HikariProxyConnection@2136397724 wrapping com.mysql.cj.jdbc.ConnectionImpl@2109a691] will not be managed by Spring
2025-12-16 09:51:44 [http-nio-8080-exec-6] DEBUG c.e.d.m.O.AccountDinnersNumberList - ==>  Preparing: SELECT * FROM tb_account_diners_number WHERE account_id = ? AND diner_year = ? AND diner_month = ?
2025-12-16 09:51:44 [http-nio-8080-exec-6] DEBUG c.e.d.m.O.AccountDinnersNumberList - ==> Parameters: 20250819193455(String), 2025(String), 12(String)
2025-12-16 09:51:44 [http-nio-8080-exec-8] DEBUG c.e.d.m.B.AccountEctDietList - ==> Parameters: 20250819193455(String)
2025-12-16 09:51:44 [http-nio-8080-exec-6] DEBUG c.e.d.m.O.AccountDinnersNumberList - <==      Total: 0
2025-12-16 09:51:44 [http-nio-8080-exec-6] DEBUG org.mybatis.spring.SqlSessionUtils - Closing non transactional SqlSession [org.apache.ibatis.session.defaults.DefaultSqlSession@df9254c]
2025-12-16 09:51:44 [http-nio-8080-exec-8] DEBUG c.e.d.m.B.AccountEctDietList - <==      Total: 1
2025-12-16 09:51:44 [http-nio-8080-exec-8] DEBUG org.mybatis.spring.SqlSessionUtils - Closing non transactional SqlSession [org.apache.ibatis.session.defaults.DefaultSqlSession@6813c855]
2025-12-16 09:52:03 [http-nio-8080-exec-9] DEBUG o.s.w.s.m.m.a.RequestMappingHandlerMapping - Mapped to com.example.demo.controller.AccountController#AccountList(Map)
2025-12-16 09:52:03 [http-nio-8080-exec-9] DEBUG org.mybatis.spring.SqlSessionUtils - Creating a new SqlSession
2025-12-16 09:52:03 [http-nio-8080-exec-9] DEBUG org.mybatis.spring.SqlSessionUtils - SqlSession [org.apache.ibatis.session.defaults.DefaultSqlSession@46a05c81] was not registered for synchronization because synchronization is not active
2025-12-16 09:52:03 [http-nio-8080-exec-9] DEBUG o.s.jdbc.datasource.DataSourceUtils - Fetching JDBC Connection from DataSource
2025-12-16 09:52:03 [http-nio-8080-exec-9] DEBUG o.m.s.t.SpringManagedTransaction - JDBC Connection [HikariProxyConnection@1653583690 wrapping com.mysql.cj.jdbc.ConnectionImpl@2109a691] will not be managed by Spring
2025-12-16 09:52:03 [http-nio-8080-exec-9] DEBUG c.e.d.m.AccountMapper.AccountList - ==>  Preparing: SELECT account_id, account_name, concat(ifnull(account_address,''), ' ', ifnull(account_address_detail,'')) as account_address, case account_type when 1 then '위탁급식' when 2 then '도소매' when 3 then '프랜차이즈' when 4 then '산업체' else '학교' end as account_type, account_rqd_member, account_headcount FROM tb_account WHERE del_yn = 'N' AND account_type in (1,2,4,5)
2025-12-16 09:52:03 [http-nio-8080-exec-9] DEBUG c.e.d.m.AccountMapper.AccountList - ==> Parameters: 
2025-12-16 09:52:03 [http-nio-8080-exec-9] DEBUG c.e.d.m.AccountMapper.AccountList - <==      Total: 58
2025-12-16 09:52:03 [http-nio-8080-exec-9] DEBUG org.mybatis.spring.SqlSessionUtils - Closing non transactional SqlSession [org.apache.ibatis.session.defaults.DefaultSqlSession@46a05c81]
2025-12-16 09:52:03 [http-nio-8080-exec-2] DEBUG o.s.w.s.m.m.a.RequestMappingHandlerMapping - Mapped to com.example.demo.controller.BusinessController#AccountEctDietList(Map)
2025-12-16 09:52:03 [http-nio-8080-exec-10] DEBUG o.s.w.s.m.m.a.RequestMappingHandlerMapping - Mapped to com.example.demo.controller.OperateController#AccountDinnersNumberList(Map)
2025-12-16 09:52:03 [http-nio-8080-exec-10] DEBUG org.mybatis.spring.SqlSessionUtils - Creating a new SqlSession
2025-12-16 09:52:03 [http-nio-8080-exec-2] DEBUG org.mybatis.spring.SqlSessionUtils - Creating a new SqlSession
2025-12-16 09:52:03 [http-nio-8080-exec-2] DEBUG org.mybatis.spring.SqlSessionUtils - SqlSession [org.apache.ibatis.session.defaults.DefaultSqlSession@31a689af] was not registered for synchronization because synchronization is not active
2025-12-16 09:52:03 [http-nio-8080-exec-10] DEBUG org.mybatis.spring.SqlSessionUtils - SqlSession [org.apache.ibatis.session.defaults.DefaultSqlSession@24106d03] was not registered for synchronization because synchronization is not active
2025-12-16 09:52:03 [http-nio-8080-exec-10] DEBUG o.s.jdbc.datasource.DataSourceUtils - Fetching JDBC Connection from DataSource
2025-12-16 09:52:03 [http-nio-8080-exec-2] DEBUG o.s.jdbc.datasource.DataSourceUtils - Fetching JDBC Connection from DataSource
2025-12-16 09:52:03 [http-nio-8080-exec-2] DEBUG o.m.s.t.SpringManagedTransaction - JDBC Connection [HikariProxyConnection@342086831 wrapping com.mysql.cj.jdbc.ConnectionImpl@2109a691] will not be managed by Spring
2025-12-16 09:52:03 [http-nio-8080-exec-2] DEBUG c.e.d.m.B.AccountEctDietList - ==>  Preparing: SELECT extra_diet1_name, extra_diet1_price, extra_diet2_name, extra_diet2_price, extra_diet3_name, extra_diet3_price, extra_diet4_name, extra_diet4_price, extra_diet5_name, extra_diet5_price FROM tb_account_info WHERE account_id = ?
2025-12-16 09:52:03 [http-nio-8080-exec-2] DEBUG c.e.d.m.B.AccountEctDietList - ==> Parameters: 20250819193455(String)
2025-12-16 09:52:03 [http-nio-8080-exec-10] DEBUG o.m.s.t.SpringManagedTransaction - JDBC Connection [HikariProxyConnection@1118705520 wrapping com.mysql.cj.jdbc.ConnectionImpl@7f4d3e96] will not be managed by Spring
2025-12-16 09:52:03 [http-nio-8080-exec-10] DEBUG c.e.d.m.O.AccountDinnersNumberList - ==>  Preparing: SELECT * FROM tb_account_diners_number WHERE account_id = ? AND diner_year = ? AND diner_month = ?
2025-12-16 09:52:03 [http-nio-8080-exec-10] DEBUG c.e.d.m.O.AccountDinnersNumberList - ==> Parameters: 20250819193455(String), 2025(String), 12(String)
2025-12-16 09:52:03 [http-nio-8080-exec-2] DEBUG c.e.d.m.B.AccountEctDietList - <==      Total: 1
2025-12-16 09:52:03 [http-nio-8080-exec-2] DEBUG org.mybatis.spring.SqlSessionUtils - Closing non transactional SqlSession [org.apache.ibatis.session.defaults.DefaultSqlSession@31a689af]
2025-12-16 09:52:03 [http-nio-8080-exec-10] DEBUG c.e.d.m.O.AccountDinnersNumberList - <==      Total: 0
2025-12-16 09:52:03 [http-nio-8080-exec-10] DEBUG org.mybatis.spring.SqlSessionUtils - Closing non transactional SqlSession [org.apache.ibatis.session.defaults.DefaultSqlSession@24106d03]
2025-12-16 09:54:23 [http-nio-8080-exec-5] DEBUG o.s.w.s.m.m.a.RequestMappingHandlerMapping - Mapped to com.example.demo.controller.AccountController#AccountList(Map)
2025-12-16 09:54:23 [http-nio-8080-exec-5] DEBUG org.mybatis.spring.SqlSessionUtils - Creating a new SqlSession
2025-12-16 09:54:23 [http-nio-8080-exec-5] DEBUG org.mybatis.spring.SqlSessionUtils - SqlSession [org.apache.ibatis.session.defaults.DefaultSqlSession@53c107d6] was not registered for synchronization because synchronization is not active
2025-12-16 09:54:23 [http-nio-8080-exec-5] DEBUG o.s.jdbc.datasource.DataSourceUtils - Fetching JDBC Connection from DataSource
2025-12-16 09:54:23 [http-nio-8080-exec-5] DEBUG o.m.s.t.SpringManagedTransaction - JDBC Connection [HikariProxyConnection@46148721 wrapping com.mysql.cj.jdbc.ConnectionImpl@7f4d3e96] will not be managed by Spring
2025-12-16 09:54:23 [http-nio-8080-exec-5] DEBUG c.e.d.m.AccountMapper.AccountList - ==>  Preparing: SELECT account_id, account_name, concat(ifnull(account_address,''), ' ', ifnull(account_address_detail,'')) as account_address, case account_type when 1 then '위탁급식' when 2 then '도소매' when 3 then '프랜차이즈' when 4 then '산업체' else '학교' end as account_type, account_rqd_member, account_headcount FROM tb_account WHERE del_yn = 'N' AND account_type in (1,2,4,5)
2025-12-16 09:54:23 [http-nio-8080-exec-5] DEBUG c.e.d.m.AccountMapper.AccountList - ==> Parameters: 
2025-12-16 09:54:23 [http-nio-8080-exec-5] DEBUG c.e.d.m.AccountMapper.AccountList - <==      Total: 58
2025-12-16 09:54:23 [http-nio-8080-exec-5] DEBUG org.mybatis.spring.SqlSessionUtils - Closing non transactional SqlSession [org.apache.ibatis.session.defaults.DefaultSqlSession@53c107d6]
2025-12-16 09:54:23 [http-nio-8080-exec-4] DEBUG o.s.w.s.m.m.a.RequestMappingHandlerMapping - Mapped to com.example.demo.controller.OperateController#AccountDinnersNumberList(Map)
2025-12-16 09:54:23 [http-nio-8080-exec-7] DEBUG o.s.w.s.m.m.a.RequestMappingHandlerMapping - Mapped to com.example.demo.controller.BusinessController#AccountEctDietList(Map)
2025-12-16 09:54:23 [http-nio-8080-exec-4] DEBUG org.mybatis.spring.SqlSessionUtils - Creating a new SqlSession
2025-12-16 09:54:23 [http-nio-8080-exec-7] DEBUG org.mybatis.spring.SqlSessionUtils - Creating a new SqlSession
2025-12-16 09:54:23 [http-nio-8080-exec-4] DEBUG org.mybatis.spring.SqlSessionUtils - SqlSession [org.apache.ibatis.session.defaults.DefaultSqlSession@7c27b88c] was not registered for synchronization because synchronization is not active
2025-12-16 09:54:23 [http-nio-8080-exec-7] DEBUG org.mybatis.spring.SqlSessionUtils - SqlSession [org.apache.ibatis.session.defaults.DefaultSqlSession@523d0c86] was not registered for synchronization because synchronization is not active
2025-12-16 09:54:23 [http-nio-8080-exec-4] DEBUG o.s.jdbc.datasource.DataSourceUtils - Fetching JDBC Connection from DataSource
2025-12-16 09:54:23 [http-nio-8080-exec-7] DEBUG o.s.jdbc.datasource.DataSourceUtils - Fetching JDBC Connection from DataSource
2025-12-16 09:54:23 [http-nio-8080-exec-7] DEBUG o.m.s.t.SpringManagedTransaction - JDBC Connection [HikariProxyConnection@799011144 wrapping com.mysql.cj.jdbc.ConnectionImpl@7f4d3e96] will not be managed by Spring
2025-12-16 09:54:23 [http-nio-8080-exec-7] DEBUG c.e.d.m.B.AccountEctDietList - ==>  Preparing: SELECT extra_diet1_name, extra_diet1_price, extra_diet2_name, extra_diet2_price, extra_diet3_name, extra_diet3_price, extra_diet4_name, extra_diet4_price, extra_diet5_name, extra_diet5_price FROM tb_account_info WHERE account_id = ?
2025-12-16 09:54:23 [http-nio-8080-exec-7] DEBUG c.e.d.m.B.AccountEctDietList - ==> Parameters: 20250819193455(String)
2025-12-16 09:54:23 [http-nio-8080-exec-4] DEBUG o.m.s.t.SpringManagedTransaction - JDBC Connection [HikariProxyConnection@2050024665 wrapping com.mysql.cj.jdbc.ConnectionImpl@2109a691] will not be managed by Spring
2025-12-16 09:54:23 [http-nio-8080-exec-4] DEBUG c.e.d.m.O.AccountDinnersNumberList - ==>  Preparing: SELECT * FROM tb_account_diners_number WHERE account_id = ? AND diner_year = ? AND diner_month = ?
2025-12-16 09:54:23 [http-nio-8080-exec-4] DEBUG c.e.d.m.O.AccountDinnersNumberList - ==> Parameters: 20250819193455(String), 2025(String), 12(String)
2025-12-16 09:54:23 [http-nio-8080-exec-7] DEBUG c.e.d.m.B.AccountEctDietList - <==      Total: 1
2025-12-16 09:54:23 [http-nio-8080-exec-4] DEBUG c.e.d.m.O.AccountDinnersNumberList - <==      Total: 0
2025-12-16 09:54:23 [http-nio-8080-exec-4] DEBUG org.mybatis.spring.SqlSessionUtils - Closing non transactional SqlSession [org.apache.ibatis.session.defaults.DefaultSqlSession@7c27b88c]
2025-12-16 09:54:23 [http-nio-8080-exec-7] DEBUG org.mybatis.spring.SqlSessionUtils - Closing non transactional SqlSession [org.apache.ibatis.session.defaults.DefaultSqlSession@523d0c86]
2025-12-16 09:54:50 [http-nio-8080-exec-6] DEBUG o.s.w.s.m.m.a.RequestMappingHandlerMapping - Mapped to com.example.demo.controller.OperateController#AccountDinnersNumberList(Map)
2025-12-16 09:54:51 [http-nio-8080-exec-6] DEBUG org.mybatis.spring.SqlSessionUtils - Creating a new SqlSession
2025-12-16 09:54:51 [http-nio-8080-exec-6] DEBUG org.mybatis.spring.SqlSessionUtils - SqlSession [org.apache.ibatis.session.defaults.DefaultSqlSession@39b0124c] was not registered for synchronization because synchronization is not active
2025-12-16 09:54:51 [http-nio-8080-exec-6] DEBUG o.s.jdbc.datasource.DataSourceUtils - Fetching JDBC Connection from DataSource
2025-12-16 09:54:51 [http-nio-8080-exec-6] DEBUG o.m.s.t.SpringManagedTransaction - JDBC Connection [HikariProxyConnection@974992103 wrapping com.mysql.cj.jdbc.ConnectionImpl@2109a691] will not be managed by Spring
2025-12-16 09:54:51 [http-nio-8080-exec-6] DEBUG c.e.d.m.O.AccountDinnersNumberList - ==>  Preparing: SELECT * FROM tb_account_diners_number WHERE account_id = ? AND diner_year = ? AND diner_month = ?
2025-12-16 09:54:51 [http-nio-8080-exec-6] DEBUG c.e.d.m.O.AccountDinnersNumberList - ==> Parameters: 20250819193455(String), 2025(String), 11(String)
2025-12-16 09:54:51 [http-nio-8080-exec-6] DEBUG c.e.d.m.O.AccountDinnersNumberList - <==      Total: 30
2025-12-16 09:54:51 [http-nio-8080-exec-6] DEBUG org.mybatis.spring.SqlSessionUtils - Closing non transactional SqlSession [org.apache.ibatis.session.defaults.DefaultSqlSession@39b0124c]
2025-12-16 09:55:09 [http-nio-8080-exec-8] DEBUG o.s.w.s.m.m.a.RequestMappingHandlerMapping - Mapped to com.example.demo.controller.OperateController#AccountDinnersNumberList(Map)
2025-12-16 09:55:09 [http-nio-8080-exec-8] DEBUG org.mybatis.spring.SqlSessionUtils - Creating a new SqlSession
2025-12-16 09:55:09 [http-nio-8080-exec-8] DEBUG org.mybatis.spring.SqlSessionUtils - SqlSession [org.apache.ibatis.session.defaults.DefaultSqlSession@446171a4] was not registered for synchronization because synchronization is not active
2025-12-16 09:55:09 [http-nio-8080-exec-8] DEBUG o.s.jdbc.datasource.DataSourceUtils - Fetching JDBC Connection from DataSource
2025-12-16 09:55:09 [http-nio-8080-exec-8] DEBUG o.m.s.t.SpringManagedTransaction - JDBC Connection [HikariProxyConnection@114137457 wrapping com.mysql.cj.jdbc.ConnectionImpl@7f4d3e96] will not be managed by Spring
2025-12-16 09:55:09 [http-nio-8080-exec-8] DEBUG c.e.d.m.O.AccountDinnersNumberList - ==>  Preparing: SELECT * FROM tb_account_diners_number WHERE account_id = ? AND diner_year = ? AND diner_month = ?
2025-12-16 09:55:09 [http-nio-8080-exec-8] DEBUG c.e.d.m.O.AccountDinnersNumberList - ==> Parameters: 20250819193455(String), 2025(String), 12(String)
2025-12-16 09:55:09 [http-nio-8080-exec-8] DEBUG c.e.d.m.O.AccountDinnersNumberList - <==      Total: 0
2025-12-16 09:55:09 [http-nio-8080-exec-8] DEBUG org.mybatis.spring.SqlSessionUtils - Closing non transactional SqlSession [org.apache.ibatis.session.defaults.DefaultSqlSession@446171a4]
2025-12-16 09:55:18 [http-nio-8080-exec-9] DEBUG o.s.w.s.m.m.a.RequestMappingHandlerMapping - Mapped to com.example.demo.controller.OperateController#AccountDinnersNumberSave(List)
2025-12-16 09:55:18 [http-nio-8080-exec-2] DEBUG o.s.w.s.m.m.a.RequestMappingHandlerMapping - Mapped to com.example.demo.controller.OperateController#AccountDinnersNumberSave(List)
2025-12-16 09:55:18 [http-nio-8080-exec-2] DEBUG org.mybatis.spring.SqlSessionUtils - Creating a new SqlSession
2025-12-16 09:55:18 [http-nio-8080-exec-2] DEBUG org.mybatis.spring.SqlSessionUtils - SqlSession [org.apache.ibatis.session.defaults.DefaultSqlSession@79b16e7b] was not registered for synchronization because synchronization is not active
2025-12-16 09:55:18 [http-nio-8080-exec-2] DEBUG o.s.jdbc.datasource.DataSourceUtils - Fetching JDBC Connection from DataSource
2025-12-16 09:55:18 [http-nio-8080-exec-2] DEBUG o.m.s.t.SpringManagedTransaction - JDBC Connection [HikariProxyConnection@1771440217 wrapping com.mysql.cj.jdbc.ConnectionImpl@2109a691] will not be managed by Spring
2025-12-16 09:55:18 [http-nio-8080-exec-2] DEBUG c.e.d.m.O.AccountDinnersNumberSave - ==>  Preparing: INSERT INTO tb_account_diners_number ( account_id, diner_year, diner_month, diner_date, breakfast, lunch, dinner, daycare_lunch, daycare_diner, employ, note, total, breakcancel, lunchcancel, dinnercancel, ceremony, extra_diet1_price, extra_diet2_price, extra_diet3_price, extra_diet4_price, extra_diet5_price, special_yn, ceremony2, daycare_breakfast, employ_breakfast, employ_lunch, employ_dinner, breakfast2, lunch2, dinner2, daycare_elderly_lunch, daycare_elderly_dinner, daycare_employ_breakfast, daycare_employ_lunch, daycare_employ_dinner, working_day ) VALUES ( ?, ?, ?, ?, ?, ?, ?, ?, ?, ?, ?, ?, ?, ?, ?, ?, ?, ?, ?, ?, ?, ?, ?, ?, ?, ?, ?, ?, ?, ?, ?, ?, ?, ?, ?, ? ) ON DUPLICATE KEY UPDATE account_id=?, diner_year=?, diner_month=?, diner_date=?, breakfast=?, lunch=?, dinner=?, daycare_lunch=?, daycare_diner=?, employ=?, note=?, total=?, breakcancel=?, lunchcancel=?, dinnercancel=?, ceremony=?, extra_diet1_price=?, extra_diet2_price=?, extra_diet3_price=?, extra_diet4_price=?, extra_diet5_price=?, special_yn=?, ceremony2=?, daycare_breakfast=?, employ_breakfast=?, employ_lunch=?, employ_dinner=?, breakfast2=?, lunch2=?, dinner2=?, daycare_elderly_lunch=?, daycare_elderly_dinner=?, daycare_employ_breakfast=?, daycare_employ_lunch=?, daycare_employ_dinner=?, working_day=?
2025-12-16 09:55:18 [http-nio-8080-exec-2] DEBUG c.e.d.m.O.AccountDinnersNumberSave - ==> Parameters: 20250819193455(String), 2025(Integer), 12(Integer), 01(String), 80(Integer), 0(Integer), 0(Integer), 0(Integer), 0(Integer), 0(Integer), (String), 27(Integer), (String), (String), (String), 0(Integer), 0(Integer), 0(Integer), 0(Integer), 0(Integer), 0(Integer), N(String), 0(Integer), 0(Integer), 0(Integer), 0(Integer), 0(Integer), 0(Integer), 0(Integer), 0(Integer), 0(Integer), 0(Integer), 0(Integer), 0(Integer), 0(Integer), null, 20250819193455(String), 2025(Integer), 12(Integer), 01(String), 80(Integer), 0(Integer), 0(Integer), 0(Integer), 0(Integer), 0(Integer), (String), 27(Integer), (String), (String), (String), 0(Integer), 0(Integer), 0(Integer), 0(Integer), 0(Integer), 0(Integer), N(String), 0(Integer), 0(Integer), 0(Integer), 0(Integer), 0(Integer), 0(Integer), 0(Integer), 0(Integer), 0(Integer), 0(Integer), 0(Integer), 0(Integer), 0(Integer), null
2025-12-16 09:55:18 [http-nio-8080-exec-2] DEBUG c.e.d.m.O.AccountDinnersNumberSave - <==    Updates: 1
2025-12-16 09:55:18 [http-nio-8080-exec-2] DEBUG org.mybatis.spring.SqlSessionUtils - Closing non transactional SqlSession [org.apache.ibatis.session.defaults.DefaultSqlSession@79b16e7b]
2025-12-16 09:55:18 [http-nio-8080-exec-2] DEBUG org.mybatis.spring.SqlSessionUtils - Creating a new SqlSession
2025-12-16 09:55:18 [http-nio-8080-exec-2] DEBUG org.mybatis.spring.SqlSessionUtils - SqlSession [org.apache.ibatis.session.defaults.DefaultSqlSession@728e1d0a] was not registered for synchronization because synchronization is not active
2025-12-16 09:55:18 [http-nio-8080-exec-2] DEBUG o.s.jdbc.datasource.DataSourceUtils - Fetching JDBC Connection from DataSource
2025-12-16 09:55:18 [http-nio-8080-exec-2] DEBUG o.m.s.t.SpringManagedTransaction - JDBC Connection [HikariProxyConnection@219677942 wrapping com.mysql.cj.jdbc.ConnectionImpl@2109a691] will not be managed by Spring
2025-12-16 09:55:18 [http-nio-8080-exec-2] DEBUG c.e.d.m.O.AccountDinnersNumberSave - ==>  Preparing: INSERT INTO tb_account_diners_number ( account_id, diner_year, diner_month, diner_date, breakfast, lunch, dinner, daycare_lunch, daycare_diner, employ, note, total, breakcancel, lunchcancel, dinnercancel, ceremony, extra_diet1_price, extra_diet2_price, extra_diet3_price, extra_diet4_price, extra_diet5_price, special_yn, ceremony2, daycare_breakfast, employ_breakfast, employ_lunch, employ_dinner, breakfast2, lunch2, dinner2, daycare_elderly_lunch, daycare_elderly_dinner, daycare_employ_breakfast, daycare_employ_lunch, daycare_employ_dinner, working_day ) VALUES ( ?, ?, ?, ?, ?, ?, ?, ?, ?, ?, ?, ?, ?, ?, ?, ?, ?, ?, ?, ?, ?, ?, ?, ?, ?, ?, ?, ?, ?, ?, ?, ?, ?, ?, ?, ? ) ON DUPLICATE KEY UPDATE account_id=?, diner_year=?, diner_month=?, diner_date=?, breakfast=?, lunch=?, dinner=?, daycare_lunch=?, daycare_diner=?, employ=?, note=?, total=?, breakcancel=?, lunchcancel=?, dinnercancel=?, ceremony=?, extra_diet1_price=?, extra_diet2_price=?, extra_diet3_price=?, extra_diet4_price=?, extra_diet5_price=?, special_yn=?, ceremony2=?, daycare_breakfast=?, employ_breakfast=?, employ_lunch=?, employ_dinner=?, breakfast2=?, lunch2=?, dinner2=?, daycare_elderly_lunch=?, daycare_elderly_dinner=?, daycare_employ_breakfast=?, daycare_employ_lunch=?, daycare_employ_dinner=?, working_day=?
2025-12-16 09:55:18 [http-nio-8080-exec-2] DEBUG c.e.d.m.O.AccountDinnersNumberSave - ==> Parameters: 20250819193455(String), 2025(Integer), 12(Integer), 02(String), 80(Integer), 0(Integer), 0(Integer), 0(Integer), 0(Integer), 0(Integer), (String), 27(Integer), (String), (String), (String), 0(Integer), 0(Integer), 0(Integer), 0(Integer), 0(Integer), 0(Integer), N(String), 0(Integer), 0(Integer), 0(Integer), 0(Integer), 0(Integer), 0(Integer), 0(Integer), 0(Integer), 0(Integer), 0(Integer), 0(Integer), 0(Integer), 0(Integer), null, 20250819193455(String), 2025(Integer), 12(Integer), 02(String), 80(Integer), 0(Integer), 0(Integer), 0(Integer), 0(Integer), 0(Integer), (String), 27(Integer), (String), (String), (String), 0(Integer), 0(Integer), 0(Integer), 0(Integer), 0(Integer), 0(Integer), N(String), 0(Integer), 0(Integer), 0(Integer), 0(Integer), 0(Integer), 0(Integer), 0(Integer), 0(Integer), 0(Integer), 0(Integer), 0(Integer), 0(Integer), 0(Integer), null
2025-12-16 09:55:18 [http-nio-8080-exec-2] DEBUG c.e.d.m.O.AccountDinnersNumberSave - <==    Updates: 1
2025-12-16 09:55:18 [http-nio-8080-exec-2] DEBUG org.mybatis.spring.SqlSessionUtils - Closing non transactional SqlSession [org.apache.ibatis.session.defaults.DefaultSqlSession@728e1d0a]
2025-12-16 09:55:18 [http-nio-8080-exec-2] DEBUG org.mybatis.spring.SqlSessionUtils - Creating a new SqlSession
2025-12-16 09:55:18 [http-nio-8080-exec-2] DEBUG org.mybatis.spring.SqlSessionUtils - SqlSession [org.apache.ibatis.session.defaults.DefaultSqlSession@7ca6f467] was not registered for synchronization because synchronization is not active
2025-12-16 09:55:18 [http-nio-8080-exec-2] DEBUG o.s.jdbc.datasource.DataSourceUtils - Fetching JDBC Connection from DataSource
2025-12-16 09:55:18 [http-nio-8080-exec-2] DEBUG o.m.s.t.SpringManagedTransaction - JDBC Connection [HikariProxyConnection@2118308020 wrapping com.mysql.cj.jdbc.ConnectionImpl@2109a691] will not be managed by Spring
2025-12-16 09:55:18 [http-nio-8080-exec-2] DEBUG c.e.d.m.O.AccountDinnersNumberSave - ==>  Preparing: INSERT INTO tb_account_diners_number ( account_id, diner_year, diner_month, diner_date, breakfast, lunch, dinner, daycare_lunch, daycare_diner, employ, note, total, breakcancel, lunchcancel, dinnercancel, ceremony, extra_diet1_price, extra_diet2_price, extra_diet3_price, extra_diet4_price, extra_diet5_price, special_yn, ceremony2, daycare_breakfast, employ_breakfast, employ_lunch, employ_dinner, breakfast2, lunch2, dinner2, daycare_elderly_lunch, daycare_elderly_dinner, daycare_employ_breakfast, daycare_employ_lunch, daycare_employ_dinner, working_day ) VALUES ( ?, ?, ?, ?, ?, ?, ?, ?, ?, ?, ?, ?, ?, ?, ?, ?, ?, ?, ?, ?, ?, ?, ?, ?, ?, ?, ?, ?, ?, ?, ?, ?, ?, ?, ?, ? ) ON DUPLICATE KEY UPDATE account_id=?, diner_year=?, diner_month=?, diner_date=?, breakfast=?, lunch=?, dinner=?, daycare_lunch=?, daycare_diner=?, employ=?, note=?, total=?, breakcancel=?, lunchcancel=?, dinnercancel=?, ceremony=?, extra_diet1_price=?, extra_diet2_price=?, extra_diet3_price=?, extra_diet4_price=?, extra_diet5_price=?, special_yn=?, ceremony2=?, daycare_breakfast=?, employ_breakfast=?, employ_lunch=?, employ_dinner=?, breakfast2=?, lunch2=?, dinner2=?, daycare_elderly_lunch=?, daycare_elderly_dinner=?, daycare_employ_breakfast=?, daycare_employ_lunch=?, daycare_employ_dinner=?, working_day=?
2025-12-16 09:55:18 [http-nio-8080-exec-2] DEBUG c.e.d.m.O.AccountDinnersNumberSave - ==> Parameters: 20250819193455(String), 2025(Integer), 12(Integer), 03(String), 80(Integer), 0(Integer), 0(Integer), 0(Integer), 0(Integer), 0(Integer), (String), 27(Integer), (String), (String), (String), 0(Integer), 0(Integer), 0(Integer), 0(Integer), 0(Integer), 0(Integer), N(String), 0(Integer), 0(Integer), 0(Integer), 0(Integer), 0(Integer), 0(Integer), 0(Integer), 0(Integer), 0(Integer), 0(Integer), 0(Integer), 0(Integer), 0(Integer), null, 20250819193455(String), 2025(Integer), 12(Integer), 03(String), 80(Integer), 0(Integer), 0(Integer), 0(Integer), 0(Integer), 0(Integer), (String), 27(Integer), (String), (String), (String), 0(Integer), 0(Integer), 0(Integer), 0(Integer), 0(Integer), 0(Integer), N(String), 0(Integer), 0(Integer), 0(Integer), 0(Integer), 0(Integer), 0(Integer), 0(Integer), 0(Integer), 0(Integer), 0(Integer), 0(Integer), 0(Integer), 0(Integer), null
2025-12-16 09:55:18 [http-nio-8080-exec-2] DEBUG c.e.d.m.O.AccountDinnersNumberSave - <==    Updates: 1
2025-12-16 09:55:18 [http-nio-8080-exec-2] DEBUG org.mybatis.spring.SqlSessionUtils - Closing non transactional SqlSession [org.apache.ibatis.session.defaults.DefaultSqlSession@7ca6f467]
2025-12-16 09:55:18 [http-nio-8080-exec-2] DEBUG org.mybatis.spring.SqlSessionUtils - Creating a new SqlSession
2025-12-16 09:55:18 [http-nio-8080-exec-2] DEBUG org.mybatis.spring.SqlSessionUtils - SqlSession [org.apache.ibatis.session.defaults.DefaultSqlSession@706d215b] was not registered for synchronization because synchronization is not active
2025-12-16 09:55:18 [http-nio-8080-exec-2] DEBUG o.s.jdbc.datasource.DataSourceUtils - Fetching JDBC Connection from DataSource
2025-12-16 09:55:18 [http-nio-8080-exec-2] DEBUG o.m.s.t.SpringManagedTransaction - JDBC Connection [HikariProxyConnection@992208637 wrapping com.mysql.cj.jdbc.ConnectionImpl@2109a691] will not be managed by Spring
2025-12-16 09:55:18 [http-nio-8080-exec-2] DEBUG c.e.d.m.O.AccountDinnersNumberSave - ==>  Preparing: INSERT INTO tb_account_diners_number ( account_id, diner_year, diner_month, diner_date, breakfast, lunch, dinner, daycare_lunch, daycare_diner, employ, note, total, breakcancel, lunchcancel, dinnercancel, ceremony, extra_diet1_price, extra_diet2_price, extra_diet3_price, extra_diet4_price, extra_diet5_price, special_yn, ceremony2, daycare_breakfast, employ_breakfast, employ_lunch, employ_dinner, breakfast2, lunch2, dinner2, daycare_elderly_lunch, daycare_elderly_dinner, daycare_employ_breakfast, daycare_employ_lunch, daycare_employ_dinner, working_day ) VALUES ( ?, ?, ?, ?, ?, ?, ?, ?, ?, ?, ?, ?, ?, ?, ?, ?, ?, ?, ?, ?, ?, ?, ?, ?, ?, ?, ?, ?, ?, ?, ?, ?, ?, ?, ?, ? ) ON DUPLICATE KEY UPDATE account_id=?, diner_year=?, diner_month=?, diner_date=?, breakfast=?, lunch=?, dinner=?, daycare_lunch=?, daycare_diner=?, employ=?, note=?, total=?, breakcancel=?, lunchcancel=?, dinnercancel=?, ceremony=?, extra_diet1_price=?, extra_diet2_price=?, extra_diet3_price=?, extra_diet4_price=?, extra_diet5_price=?, special_yn=?, ceremony2=?, daycare_breakfast=?, employ_breakfast=?, employ_lunch=?, employ_dinner=?, breakfast2=?, lunch2=?, dinner2=?, daycare_elderly_lunch=?, daycare_elderly_dinner=?, daycare_employ_breakfast=?, daycare_employ_lunch=?, daycare_employ_dinner=?, working_day=?
2025-12-16 09:55:18 [http-nio-8080-exec-2] DEBUG c.e.d.m.O.AccountDinnersNumberSave - ==> Parameters: 20250819193455(String), 2025(Integer), 12(Integer), 04(String), 80(Integer), 0(Integer), 0(Integer), 0(Integer), 0(Integer), 0(Integer), (String), 27(Integer), (String), (String), (String), 0(Integer), 0(Integer), 0(Integer), 0(Integer), 0(Integer), 0(Integer), N(String), 0(Integer), 0(Integer), 0(Integer), 0(Integer), 0(Integer), 0(Integer), 0(Integer), 0(Integer), 0(Integer), 0(Integer), 0(Integer), 0(Integer), 0(Integer), null, 20250819193455(String), 2025(Integer), 12(Integer), 04(String), 80(Integer), 0(Integer), 0(Integer), 0(Integer), 0(Integer), 0(Integer), (String), 27(Integer), (String), (String), (String), 0(Integer), 0(Integer), 0(Integer), 0(Integer), 0(Integer), 0(Integer), N(String), 0(Integer), 0(Integer), 0(Integer), 0(Integer), 0(Integer), 0(Integer), 0(Integer), 0(Integer), 0(Integer), 0(Integer), 0(Integer), 0(Integer), 0(Integer), null
2025-12-16 09:55:18 [http-nio-8080-exec-2] DEBUG c.e.d.m.O.AccountDinnersNumberSave - <==    Updates: 1
2025-12-16 09:55:18 [http-nio-8080-exec-2] DEBUG org.mybatis.spring.SqlSessionUtils - Closing non transactional SqlSession [org.apache.ibatis.session.defaults.DefaultSqlSession@706d215b]
2025-12-16 09:55:18 [http-nio-8080-exec-2] DEBUG org.mybatis.spring.SqlSessionUtils - Creating a new SqlSession
2025-12-16 09:55:18 [http-nio-8080-exec-2] DEBUG org.mybatis.spring.SqlSessionUtils - SqlSession [org.apache.ibatis.session.defaults.DefaultSqlSession@622c69b6] was not registered for synchronization because synchronization is not active
2025-12-16 09:55:18 [http-nio-8080-exec-2] DEBUG o.s.jdbc.datasource.DataSourceUtils - Fetching JDBC Connection from DataSource
2025-12-16 09:55:18 [http-nio-8080-exec-2] DEBUG o.m.s.t.SpringManagedTransaction - JDBC Connection [HikariProxyConnection@2069035857 wrapping com.mysql.cj.jdbc.ConnectionImpl@2109a691] will not be managed by Spring
2025-12-16 09:55:18 [http-nio-8080-exec-2] DEBUG c.e.d.m.O.AccountDinnersNumberSave - ==>  Preparing: INSERT INTO tb_account_diners_number ( account_id, diner_year, diner_month, diner_date, breakfast, lunch, dinner, daycare_lunch, daycare_diner, employ, note, total, breakcancel, lunchcancel, dinnercancel, ceremony, extra_diet1_price, extra_diet2_price, extra_diet3_price, extra_diet4_price, extra_diet5_price, special_yn, ceremony2, daycare_breakfast, employ_breakfast, employ_lunch, employ_dinner, breakfast2, lunch2, dinner2, daycare_elderly_lunch, daycare_elderly_dinner, daycare_employ_breakfast, daycare_employ_lunch, daycare_employ_dinner, working_day ) VALUES ( ?, ?, ?, ?, ?, ?, ?, ?, ?, ?, ?, ?, ?, ?, ?, ?, ?, ?, ?, ?, ?, ?, ?, ?, ?, ?, ?, ?, ?, ?, ?, ?, ?, ?, ?, ? ) ON DUPLICATE KEY UPDATE account_id=?, diner_year=?, diner_month=?, diner_date=?, breakfast=?, lunch=?, dinner=?, daycare_lunch=?, daycare_diner=?, employ=?, note=?, total=?, breakcancel=?, lunchcancel=?, dinnercancel=?, ceremony=?, extra_diet1_price=?, extra_diet2_price=?, extra_diet3_price=?, extra_diet4_price=?, extra_diet5_price=?, special_yn=?, ceremony2=?, daycare_breakfast=?, employ_breakfast=?, employ_lunch=?, employ_dinner=?, breakfast2=?, lunch2=?, dinner2=?, daycare_elderly_lunch=?, daycare_elderly_dinner=?, daycare_employ_breakfast=?, daycare_employ_lunch=?, daycare_employ_dinner=?, working_day=?
2025-12-16 09:55:18 [http-nio-8080-exec-2] DEBUG c.e.d.m.O.AccountDinnersNumberSave - ==> Parameters: 20250819193455(String), 2025(Integer), 12(Integer), 05(String), 80(Integer), 0(Integer), 0(Integer), 0(Integer), 0(Integer), 0(Integer), (String), 27(Integer), (String), (String), (String), 0(Integer), 0(Integer), 0(Integer), 0(Integer), 0(Integer), 0(Integer), N(String), 0(Integer), 0(Integer), 0(Integer), 0(Integer), 0(Integer), 0(Integer), 0(Integer), 0(Integer), 0(Integer), 0(Integer), 0(Integer), 0(Integer), 0(Integer), null, 20250819193455(String), 2025(Integer), 12(Integer), 05(String), 80(Integer), 0(Integer), 0(Integer), 0(Integer), 0(Integer), 0(Integer), (String), 27(Integer), (String), (String), (String), 0(Integer), 0(Integer), 0(Integer), 0(Integer), 0(Integer), 0(Integer), N(String), 0(Integer), 0(Integer), 0(Integer), 0(Integer), 0(Integer), 0(Integer), 0(Integer), 0(Integer), 0(Integer), 0(Integer), 0(Integer), 0(Integer), 0(Integer), null
2025-12-16 09:55:18 [http-nio-8080-exec-2] DEBUG c.e.d.m.O.AccountDinnersNumberSave - <==    Updates: 1
2025-12-16 09:55:18 [http-nio-8080-exec-2] DEBUG org.mybatis.spring.SqlSessionUtils - Closing non transactional SqlSession [org.apache.ibatis.session.defaults.DefaultSqlSession@622c69b6]
2025-12-16 09:55:18 [http-nio-8080-exec-2] DEBUG org.mybatis.spring.SqlSessionUtils - Creating a new SqlSession
2025-12-16 09:55:18 [http-nio-8080-exec-2] DEBUG org.mybatis.spring.SqlSessionUtils - SqlSession [org.apache.ibatis.session.defaults.DefaultSqlSession@6e6de5c7] was not registered for synchronization because synchronization is not active
2025-12-16 09:55:18 [http-nio-8080-exec-2] DEBUG o.s.jdbc.datasource.DataSourceUtils - Fetching JDBC Connection from DataSource
2025-12-16 09:55:18 [http-nio-8080-exec-2] DEBUG o.m.s.t.SpringManagedTransaction - JDBC Connection [HikariProxyConnection@1863139429 wrapping com.mysql.cj.jdbc.ConnectionImpl@2109a691] will not be managed by Spring
2025-12-16 09:55:18 [http-nio-8080-exec-2] DEBUG c.e.d.m.O.AccountDinnersNumberSave - ==>  Preparing: INSERT INTO tb_account_diners_number ( account_id, diner_year, diner_month, diner_date, breakfast, lunch, dinner, daycare_lunch, daycare_diner, employ, note, total, breakcancel, lunchcancel, dinnercancel, ceremony, extra_diet1_price, extra_diet2_price, extra_diet3_price, extra_diet4_price, extra_diet5_price, special_yn, ceremony2, daycare_breakfast, employ_breakfast, employ_lunch, employ_dinner, breakfast2, lunch2, dinner2, daycare_elderly_lunch, daycare_elderly_dinner, daycare_employ_breakfast, daycare_employ_lunch, daycare_employ_dinner, working_day ) VALUES ( ?, ?, ?, ?, ?, ?, ?, ?, ?, ?, ?, ?, ?, ?, ?, ?, ?, ?, ?, ?, ?, ?, ?, ?, ?, ?, ?, ?, ?, ?, ?, ?, ?, ?, ?, ? ) ON DUPLICATE KEY UPDATE account_id=?, diner_year=?, diner_month=?, diner_date=?, breakfast=?, lunch=?, dinner=?, daycare_lunch=?, daycare_diner=?, employ=?, note=?, total=?, breakcancel=?, lunchcancel=?, dinnercancel=?, ceremony=?, extra_diet1_price=?, extra_diet2_price=?, extra_diet3_price=?, extra_diet4_price=?, extra_diet5_price=?, special_yn=?, ceremony2=?, daycare_breakfast=?, employ_breakfast=?, employ_lunch=?, employ_dinner=?, breakfast2=?, lunch2=?, dinner2=?, daycare_elderly_lunch=?, daycare_elderly_dinner=?, daycare_employ_breakfast=?, daycare_employ_lunch=?, daycare_employ_dinner=?, working_day=?
2025-12-16 09:55:18 [http-nio-8080-exec-2] DEBUG c.e.d.m.O.AccountDinnersNumberSave - ==> Parameters: 20250819193455(String), 2025(Integer), 12(Integer), 06(String), 80(Integer), 0(Integer), 0(Integer), 0(Integer), 0(Integer), 0(Integer), (String), 27(Integer), (String), (String), (String), 0(Integer), 0(Integer), 0(Integer), 0(Integer), 0(Integer), 0(Integer), N(String), 0(Integer), 0(Integer), 0(Integer), 0(Integer), 0(Integer), 0(Integer), 0(Integer), 0(Integer), 0(Integer), 0(Integer), 0(Integer), 0(Integer), 0(Integer), null, 20250819193455(String), 2025(Integer), 12(Integer), 06(String), 80(Integer), 0(Integer), 0(Integer), 0(Integer), 0(Integer), 0(Integer), (String), 27(Integer), (String), (String), (String), 0(Integer), 0(Integer), 0(Integer), 0(Integer), 0(Integer), 0(Integer), N(String), 0(Integer), 0(Integer), 0(Integer), 0(Integer), 0(Integer), 0(Integer), 0(Integer), 0(Integer), 0(Integer), 0(Integer), 0(Integer), 0(Integer), 0(Integer), null
2025-12-16 09:55:18 [http-nio-8080-exec-2] DEBUG c.e.d.m.O.AccountDinnersNumberSave - <==    Updates: 1
2025-12-16 09:55:18 [http-nio-8080-exec-2] DEBUG org.mybatis.spring.SqlSessionUtils - Closing non transactional SqlSession [org.apache.ibatis.session.defaults.DefaultSqlSession@6e6de5c7]
2025-12-16 09:55:18 [http-nio-8080-exec-2] DEBUG org.mybatis.spring.SqlSessionUtils - Creating a new SqlSession
2025-12-16 09:55:18 [http-nio-8080-exec-2] DEBUG org.mybatis.spring.SqlSessionUtils - SqlSession [org.apache.ibatis.session.defaults.DefaultSqlSession@4b351cad] was not registered for synchronization because synchronization is not active
2025-12-16 09:55:18 [http-nio-8080-exec-2] DEBUG o.s.jdbc.datasource.DataSourceUtils - Fetching JDBC Connection from DataSource
2025-12-16 09:55:18 [http-nio-8080-exec-2] DEBUG o.m.s.t.SpringManagedTransaction - JDBC Connection [HikariProxyConnection@1257737169 wrapping com.mysql.cj.jdbc.ConnectionImpl@2109a691] will not be managed by Spring
2025-12-16 09:55:18 [http-nio-8080-exec-2] DEBUG c.e.d.m.O.AccountDinnersNumberSave - ==>  Preparing: INSERT INTO tb_account_diners_number ( account_id, diner_year, diner_month, diner_date, breakfast, lunch, dinner, daycare_lunch, daycare_diner, employ, note, total, breakcancel, lunchcancel, dinnercancel, ceremony, extra_diet1_price, extra_diet2_price, extra_diet3_price, extra_diet4_price, extra_diet5_price, special_yn, ceremony2, daycare_breakfast, employ_breakfast, employ_lunch, employ_dinner, breakfast2, lunch2, dinner2, daycare_elderly_lunch, daycare_elderly_dinner, daycare_employ_breakfast, daycare_employ_lunch, daycare_employ_dinner, working_day ) VALUES ( ?, ?, ?, ?, ?, ?, ?, ?, ?, ?, ?, ?, ?, ?, ?, ?, ?, ?, ?, ?, ?, ?, ?, ?, ?, ?, ?, ?, ?, ?, ?, ?, ?, ?, ?, ? ) ON DUPLICATE KEY UPDATE account_id=?, diner_year=?, diner_month=?, diner_date=?, breakfast=?, lunch=?, dinner=?, daycare_lunch=?, daycare_diner=?, employ=?, note=?, total=?, breakcancel=?, lunchcancel=?, dinnercancel=?, ceremony=?, extra_diet1_price=?, extra_diet2_price=?, extra_diet3_price=?, extra_diet4_price=?, extra_diet5_price=?, special_yn=?, ceremony2=?, daycare_breakfast=?, employ_breakfast=?, employ_lunch=?, employ_dinner=?, breakfast2=?, lunch2=?, dinner2=?, daycare_elderly_lunch=?, daycare_elderly_dinner=?, daycare_employ_breakfast=?, daycare_employ_lunch=?, daycare_employ_dinner=?, working_day=?
2025-12-16 09:55:18 [http-nio-8080-exec-2] DEBUG c.e.d.m.O.AccountDinnersNumberSave - ==> Parameters: 20250819193455(String), 2025(Integer), 12(Integer), 07(String), 80(Integer), 0(Integer), 0(Integer), 0(Integer), 0(Integer), 0(Integer), (String), 27(Integer), (String), (String), (String), 0(Integer), 0(Integer), 0(Integer), 0(Integer), 0(Integer), 0(Integer), N(String), 0(Integer), 0(Integer), 0(Integer), 0(Integer), 0(Integer), 0(Integer), 0(Integer), 0(Integer), 0(Integer), 0(Integer), 0(Integer), 0(Integer), 0(Integer), null, 20250819193455(String), 2025(Integer), 12(Integer), 07(String), 80(Integer), 0(Integer), 0(Integer), 0(Integer), 0(Integer), 0(Integer), (String), 27(Integer), (String), (String), (String), 0(Integer), 0(Integer), 0(Integer), 0(Integer), 0(Integer), 0(Integer), N(String), 0(Integer), 0(Integer), 0(Integer), 0(Integer), 0(Integer), 0(Integer), 0(Integer), 0(Integer), 0(Integer), 0(Integer), 0(Integer), 0(Integer), 0(Integer), null
2025-12-16 09:55:18 [http-nio-8080-exec-2] DEBUG c.e.d.m.O.AccountDinnersNumberSave - <==    Updates: 1
2025-12-16 09:55:18 [http-nio-8080-exec-2] DEBUG org.mybatis.spring.SqlSessionUtils - Closing non transactional SqlSession [org.apache.ibatis.session.defaults.DefaultSqlSession@4b351cad]
2025-12-16 09:55:18 [http-nio-8080-exec-2] DEBUG org.mybatis.spring.SqlSessionUtils - Creating a new SqlSession
2025-12-16 09:55:18 [http-nio-8080-exec-2] DEBUG org.mybatis.spring.SqlSessionUtils - SqlSession [org.apache.ibatis.session.defaults.DefaultSqlSession@16e375d] was not registered for synchronization because synchronization is not active
2025-12-16 09:55:18 [http-nio-8080-exec-2] DEBUG o.s.jdbc.datasource.DataSourceUtils - Fetching JDBC Connection from DataSource
2025-12-16 09:55:18 [http-nio-8080-exec-2] DEBUG o.m.s.t.SpringManagedTransaction - JDBC Connection [HikariProxyConnection@1650299817 wrapping com.mysql.cj.jdbc.ConnectionImpl@2109a691] will not be managed by Spring
2025-12-16 09:55:18 [http-nio-8080-exec-2] DEBUG c.e.d.m.O.AccountDinnersNumberSave - ==>  Preparing: INSERT INTO tb_account_diners_number ( account_id, diner_year, diner_month, diner_date, breakfast, lunch, dinner, daycare_lunch, daycare_diner, employ, note, total, breakcancel, lunchcancel, dinnercancel, ceremony, extra_diet1_price, extra_diet2_price, extra_diet3_price, extra_diet4_price, extra_diet5_price, special_yn, ceremony2, daycare_breakfast, employ_breakfast, employ_lunch, employ_dinner, breakfast2, lunch2, dinner2, daycare_elderly_lunch, daycare_elderly_dinner, daycare_employ_breakfast, daycare_employ_lunch, daycare_employ_dinner, working_day ) VALUES ( ?, ?, ?, ?, ?, ?, ?, ?, ?, ?, ?, ?, ?, ?, ?, ?, ?, ?, ?, ?, ?, ?, ?, ?, ?, ?, ?, ?, ?, ?, ?, ?, ?, ?, ?, ? ) ON DUPLICATE KEY UPDATE account_id=?, diner_year=?, diner_month=?, diner_date=?, breakfast=?, lunch=?, dinner=?, daycare_lunch=?, daycare_diner=?, employ=?, note=?, total=?, breakcancel=?, lunchcancel=?, dinnercancel=?, ceremony=?, extra_diet1_price=?, extra_diet2_price=?, extra_diet3_price=?, extra_diet4_price=?, extra_diet5_price=?, special_yn=?, ceremony2=?, daycare_breakfast=?, employ_breakfast=?, employ_lunch=?, employ_dinner=?, breakfast2=?, lunch2=?, dinner2=?, daycare_elderly_lunch=?, daycare_elderly_dinner=?, daycare_employ_breakfast=?, daycare_employ_lunch=?, daycare_employ_dinner=?, working_day=?
2025-12-16 09:55:18 [http-nio-8080-exec-2] DEBUG c.e.d.m.O.AccountDinnersNumberSave - ==> Parameters: 20250819193455(String), 2025(Integer), 12(Integer), 08(String), 80(Integer), 0(Integer), 0(Integer), 0(Integer), 0(Integer), 0(Integer), (String), 27(Integer), (String), (String), (String), 0(Integer), 0(Integer), 0(Integer), 0(Integer), 0(Integer), 0(Integer), N(String), 0(Integer), 0(Integer), 0(Integer), 0(Integer), 0(Integer), 0(Integer), 0(Integer), 0(Integer), 0(Integer), 0(Integer), 0(Integer), 0(Integer), 0(Integer), null, 20250819193455(String), 2025(Integer), 12(Integer), 08(String), 80(Integer), 0(Integer), 0(Integer), 0(Integer), 0(Integer), 0(Integer), (String), 27(Integer), (String), (String), (String), 0(Integer), 0(Integer), 0(Integer), 0(Integer), 0(Integer), 0(Integer), N(String), 0(Integer), 0(Integer), 0(Integer), 0(Integer), 0(Integer), 0(Integer), 0(Integer), 0(Integer), 0(Integer), 0(Integer), 0(Integer), 0(Integer), 0(Integer), null
2025-12-16 09:55:18 [http-nio-8080-exec-2] DEBUG c.e.d.m.O.AccountDinnersNumberSave - <==    Updates: 1
2025-12-16 09:55:18 [http-nio-8080-exec-2] DEBUG org.mybatis.spring.SqlSessionUtils - Closing non transactional SqlSession [org.apache.ibatis.session.defaults.DefaultSqlSession@16e375d]
2025-12-16 09:55:18 [http-nio-8080-exec-2] DEBUG org.mybatis.spring.SqlSessionUtils - Creating a new SqlSession
2025-12-16 09:55:18 [http-nio-8080-exec-2] DEBUG org.mybatis.spring.SqlSessionUtils - SqlSession [org.apache.ibatis.session.defaults.DefaultSqlSession@3cf20bc6] was not registered for synchronization because synchronization is not active
2025-12-16 09:55:18 [http-nio-8080-exec-2] DEBUG o.s.jdbc.datasource.DataSourceUtils - Fetching JDBC Connection from DataSource
2025-12-16 09:55:18 [http-nio-8080-exec-2] DEBUG o.m.s.t.SpringManagedTransaction - JDBC Connection [HikariProxyConnection@1280706522 wrapping com.mysql.cj.jdbc.ConnectionImpl@2109a691] will not be managed by Spring
2025-12-16 09:55:18 [http-nio-8080-exec-2] DEBUG c.e.d.m.O.AccountDinnersNumberSave - ==>  Preparing: INSERT INTO tb_account_diners_number ( account_id, diner_year, diner_month, diner_date, breakfast, lunch, dinner, daycare_lunch, daycare_diner, employ, note, total, breakcancel, lunchcancel, dinnercancel, ceremony, extra_diet1_price, extra_diet2_price, extra_diet3_price, extra_diet4_price, extra_diet5_price, special_yn, ceremony2, daycare_breakfast, employ_breakfast, employ_lunch, employ_dinner, breakfast2, lunch2, dinner2, daycare_elderly_lunch, daycare_elderly_dinner, daycare_employ_breakfast, daycare_employ_lunch, daycare_employ_dinner, working_day ) VALUES ( ?, ?, ?, ?, ?, ?, ?, ?, ?, ?, ?, ?, ?, ?, ?, ?, ?, ?, ?, ?, ?, ?, ?, ?, ?, ?, ?, ?, ?, ?, ?, ?, ?, ?, ?, ? ) ON DUPLICATE KEY UPDATE account_id=?, diner_year=?, diner_month=?, diner_date=?, breakfast=?, lunch=?, dinner=?, daycare_lunch=?, daycare_diner=?, employ=?, note=?, total=?, breakcancel=?, lunchcancel=?, dinnercancel=?, ceremony=?, extra_diet1_price=?, extra_diet2_price=?, extra_diet3_price=?, extra_diet4_price=?, extra_diet5_price=?, special_yn=?, ceremony2=?, daycare_breakfast=?, employ_breakfast=?, employ_lunch=?, employ_dinner=?, breakfast2=?, lunch2=?, dinner2=?, daycare_elderly_lunch=?, daycare_elderly_dinner=?, daycare_employ_breakfast=?, daycare_employ_lunch=?, daycare_employ_dinner=?, working_day=?
2025-12-16 09:55:18 [http-nio-8080-exec-2] DEBUG c.e.d.m.O.AccountDinnersNumberSave - ==> Parameters: 20250819193455(String), 2025(Integer), 12(Integer), 09(String), 80(Integer), 0(Integer), 0(Integer), 0(Integer), 0(Integer), 0(Integer), (String), 27(Integer), (String), (String), (String), 0(Integer), 0(Integer), 0(Integer), 0(Integer), 0(Integer), 0(Integer), N(String), 0(Integer), 0(Integer), 0(Integer), 0(Integer), 0(Integer), 0(Integer), 0(Integer), 0(Integer), 0(Integer), 0(Integer), 0(Integer), 0(Integer), 0(Integer), null, 20250819193455(String), 2025(Integer), 12(Integer), 09(String), 80(Integer), 0(Integer), 0(Integer), 0(Integer), 0(Integer), 0(Integer), (String), 27(Integer), (String), (String), (String), 0(Integer), 0(Integer), 0(Integer), 0(Integer), 0(Integer), 0(Integer), N(String), 0(Integer), 0(Integer), 0(Integer), 0(Integer), 0(Integer), 0(Integer), 0(Integer), 0(Integer), 0(Integer), 0(Integer), 0(Integer), 0(Integer), 0(Integer), null
2025-12-16 09:55:18 [http-nio-8080-exec-2] DEBUG c.e.d.m.O.AccountDinnersNumberSave - <==    Updates: 1
2025-12-16 09:55:18 [http-nio-8080-exec-2] DEBUG org.mybatis.spring.SqlSessionUtils - Closing non transactional SqlSession [org.apache.ibatis.session.defaults.DefaultSqlSession@3cf20bc6]
2025-12-16 09:55:18 [http-nio-8080-exec-2] DEBUG org.mybatis.spring.SqlSessionUtils - Creating a new SqlSession
2025-12-16 09:55:18 [http-nio-8080-exec-2] DEBUG org.mybatis.spring.SqlSessionUtils - SqlSession [org.apache.ibatis.session.defaults.DefaultSqlSession@47b613e4] was not registered for synchronization because synchronization is not active
2025-12-16 09:55:18 [http-nio-8080-exec-2] DEBUG o.s.jdbc.datasource.DataSourceUtils - Fetching JDBC Connection from DataSource
2025-12-16 09:55:18 [http-nio-8080-exec-2] DEBUG o.m.s.t.SpringManagedTransaction - JDBC Connection [HikariProxyConnection@1807129839 wrapping com.mysql.cj.jdbc.ConnectionImpl@2109a691] will not be managed by Spring
2025-12-16 09:55:18 [http-nio-8080-exec-2] DEBUG c.e.d.m.O.AccountDinnersNumberSave - ==>  Preparing: INSERT INTO tb_account_diners_number ( account_id, diner_year, diner_month, diner_date, breakfast, lunch, dinner, daycare_lunch, daycare_diner, employ, note, total, breakcancel, lunchcancel, dinnercancel, ceremony, extra_diet1_price, extra_diet2_price, extra_diet3_price, extra_diet4_price, extra_diet5_price, special_yn, ceremony2, daycare_breakfast, employ_breakfast, employ_lunch, employ_dinner, breakfast2, lunch2, dinner2, daycare_elderly_lunch, daycare_elderly_dinner, daycare_employ_breakfast, daycare_employ_lunch, daycare_employ_dinner, working_day ) VALUES ( ?, ?, ?, ?, ?, ?, ?, ?, ?, ?, ?, ?, ?, ?, ?, ?, ?, ?, ?, ?, ?, ?, ?, ?, ?, ?, ?, ?, ?, ?, ?, ?, ?, ?, ?, ? ) ON DUPLICATE KEY UPDATE account_id=?, diner_year=?, diner_month=?, diner_date=?, breakfast=?, lunch=?, dinner=?, daycare_lunch=?, daycare_diner=?, employ=?, note=?, total=?, breakcancel=?, lunchcancel=?, dinnercancel=?, ceremony=?, extra_diet1_price=?, extra_diet2_price=?, extra_diet3_price=?, extra_diet4_price=?, extra_diet5_price=?, special_yn=?, ceremony2=?, daycare_breakfast=?, employ_breakfast=?, employ_lunch=?, employ_dinner=?, breakfast2=?, lunch2=?, dinner2=?, daycare_elderly_lunch=?, daycare_elderly_dinner=?, daycare_employ_breakfast=?, daycare_employ_lunch=?, daycare_employ_dinner=?, working_day=?
2025-12-16 09:55:18 [http-nio-8080-exec-2] DEBUG c.e.d.m.O.AccountDinnersNumberSave - ==> Parameters: 20250819193455(String), 2025(Integer), 12(Integer), 10(String), 80(Integer), 0(Integer), 0(Integer), 0(Integer), 0(Integer), 0(Integer), (String), 27(Integer), (String), (String), (String), 0(Integer), 0(Integer), 0(Integer), 0(Integer), 0(Integer), 0(Integer), N(String), 0(Integer), 0(Integer), 0(Integer), 0(Integer), 0(Integer), 0(Integer), 0(Integer), 0(Integer), 0(Integer), 0(Integer), 0(Integer), 0(Integer), 0(Integer), null, 20250819193455(String), 2025(Integer), 12(Integer), 10(String), 80(Integer), 0(Integer), 0(Integer), 0(Integer), 0(Integer), 0(Integer), (String), 27(Integer), (String), (String), (String), 0(Integer), 0(Integer), 0(Integer), 0(Integer), 0(Integer), 0(Integer), N(String), 0(Integer), 0(Integer), 0(Integer), 0(Integer), 0(Integer), 0(Integer), 0(Integer), 0(Integer), 0(Integer), 0(Integer), 0(Integer), 0(Integer), 0(Integer), null
2025-12-16 09:55:18 [http-nio-8080-exec-2] DEBUG c.e.d.m.O.AccountDinnersNumberSave - <==    Updates: 1
2025-12-16 09:55:18 [http-nio-8080-exec-2] DEBUG org.mybatis.spring.SqlSessionUtils - Closing non transactional SqlSession [org.apache.ibatis.session.defaults.DefaultSqlSession@47b613e4]
2025-12-16 09:55:18 [http-nio-8080-exec-2] DEBUG org.mybatis.spring.SqlSessionUtils - Creating a new SqlSession
2025-12-16 09:55:18 [http-nio-8080-exec-2] DEBUG org.mybatis.spring.SqlSessionUtils - SqlSession [org.apache.ibatis.session.defaults.DefaultSqlSession@15910857] was not registered for synchronization because synchronization is not active
2025-12-16 09:55:18 [http-nio-8080-exec-2] DEBUG o.s.jdbc.datasource.DataSourceUtils - Fetching JDBC Connection from DataSource
2025-12-16 09:55:18 [http-nio-8080-exec-2] DEBUG o.m.s.t.SpringManagedTransaction - JDBC Connection [HikariProxyConnection@1657737266 wrapping com.mysql.cj.jdbc.ConnectionImpl@2109a691] will not be managed by Spring
2025-12-16 09:55:18 [http-nio-8080-exec-2] DEBUG c.e.d.m.O.AccountDinnersNumberSave - ==>  Preparing: INSERT INTO tb_account_diners_number ( account_id, diner_year, diner_month, diner_date, breakfast, lunch, dinner, daycare_lunch, daycare_diner, employ, note, total, breakcancel, lunchcancel, dinnercancel, ceremony, extra_diet1_price, extra_diet2_price, extra_diet3_price, extra_diet4_price, extra_diet5_price, special_yn, ceremony2, daycare_breakfast, employ_breakfast, employ_lunch, employ_dinner, breakfast2, lunch2, dinner2, daycare_elderly_lunch, daycare_elderly_dinner, daycare_employ_breakfast, daycare_employ_lunch, daycare_employ_dinner, working_day ) VALUES ( ?, ?, ?, ?, ?, ?, ?, ?, ?, ?, ?, ?, ?, ?, ?, ?, ?, ?, ?, ?, ?, ?, ?, ?, ?, ?, ?, ?, ?, ?, ?, ?, ?, ?, ?, ? ) ON DUPLICATE KEY UPDATE account_id=?, diner_year=?, diner_month=?, diner_date=?, breakfast=?, lunch=?, dinner=?, daycare_lunch=?, daycare_diner=?, employ=?, note=?, total=?, breakcancel=?, lunchcancel=?, dinnercancel=?, ceremony=?, extra_diet1_price=?, extra_diet2_price=?, extra_diet3_price=?, extra_diet4_price=?, extra_diet5_price=?, special_yn=?, ceremony2=?, daycare_breakfast=?, employ_breakfast=?, employ_lunch=?, employ_dinner=?, breakfast2=?, lunch2=?, dinner2=?, daycare_elderly_lunch=?, daycare_elderly_dinner=?, daycare_employ_breakfast=?, daycare_employ_lunch=?, daycare_employ_dinner=?, working_day=?
2025-12-16 09:55:18 [http-nio-8080-exec-2] DEBUG c.e.d.m.O.AccountDinnersNumberSave - ==> Parameters: 20250819193455(String), 2025(Integer), 12(Integer), 11(String), 80(Integer), 0(Integer), 0(Integer), 0(Integer), 0(Integer), 0(Integer), (String), 27(Integer), (String), (String), (String), 0(Integer), 0(Integer), 0(Integer), 0(Integer), 0(Integer), 0(Integer), N(String), 0(Integer), 0(Integer), 0(Integer), 0(Integer), 0(Integer), 0(Integer), 0(Integer), 0(Integer), 0(Integer), 0(Integer), 0(Integer), 0(Integer), 0(Integer), null, 20250819193455(String), 2025(Integer), 12(Integer), 11(String), 80(Integer), 0(Integer), 0(Integer), 0(Integer), 0(Integer), 0(Integer), (String), 27(Integer), (String), (String), (String), 0(Integer), 0(Integer), 0(Integer), 0(Integer), 0(Integer), 0(Integer), N(String), 0(Integer), 0(Integer), 0(Integer), 0(Integer), 0(Integer), 0(Integer), 0(Integer), 0(Integer), 0(Integer), 0(Integer), 0(Integer), 0(Integer), 0(Integer), null
2025-12-16 09:55:18 [http-nio-8080-exec-2] DEBUG c.e.d.m.O.AccountDinnersNumberSave - <==    Updates: 1
2025-12-16 09:55:18 [http-nio-8080-exec-2] DEBUG org.mybatis.spring.SqlSessionUtils - Closing non transactional SqlSession [org.apache.ibatis.session.defaults.DefaultSqlSession@15910857]
2025-12-16 09:55:18 [http-nio-8080-exec-10] DEBUG o.s.w.s.m.m.a.RequestMappingHandlerMapping - Mapped to com.example.demo.controller.OperateController#AccountDinnersNumberList(Map)
2025-12-16 09:55:18 [http-nio-8080-exec-10] DEBUG org.mybatis.spring.SqlSessionUtils - Creating a new SqlSession
2025-12-16 09:55:18 [http-nio-8080-exec-10] DEBUG org.mybatis.spring.SqlSessionUtils - SqlSession [org.apache.ibatis.session.defaults.DefaultSqlSession@13b87b33] was not registered for synchronization because synchronization is not active
2025-12-16 09:55:18 [http-nio-8080-exec-10] DEBUG o.s.jdbc.datasource.DataSourceUtils - Fetching JDBC Connection from DataSource
2025-12-16 09:55:18 [http-nio-8080-exec-10] DEBUG o.m.s.t.SpringManagedTransaction - JDBC Connection [HikariProxyConnection@887579698 wrapping com.mysql.cj.jdbc.ConnectionImpl@7f4d3e96] will not be managed by Spring
2025-12-16 09:55:18 [http-nio-8080-exec-10] DEBUG c.e.d.m.O.AccountDinnersNumberList - ==>  Preparing: SELECT * FROM tb_account_diners_number WHERE account_id = ? AND diner_year = ? AND diner_month = ?
2025-12-16 09:55:18 [http-nio-8080-exec-10] DEBUG c.e.d.m.O.AccountDinnersNumberList - ==> Parameters: 20250819193455(String), 2025(String), 12(String)
2025-12-16 09:55:18 [http-nio-8080-exec-10] DEBUG c.e.d.m.O.AccountDinnersNumberList - <==      Total: 11
2025-12-16 09:55:18 [http-nio-8080-exec-10] DEBUG org.mybatis.spring.SqlSessionUtils - Closing non transactional SqlSession [org.apache.ibatis.session.defaults.DefaultSqlSession@13b87b33]
2025-12-16 09:55:22 [http-nio-8080-exec-3] DEBUG o.s.w.s.m.m.a.RequestMappingHandlerMapping - Mapped to com.example.demo.controller.BusinessController#AccountEctDietList(Map)
2025-12-16 09:55:22 [http-nio-8080-exec-1] DEBUG o.s.w.s.m.m.a.RequestMappingHandlerMapping - Mapped to com.example.demo.controller.OperateController#AccountDinnersNumberList(Map)
2025-12-16 09:55:22 [http-nio-8080-exec-1] DEBUG org.mybatis.spring.SqlSessionUtils - Creating a new SqlSession
2025-12-16 09:55:22 [http-nio-8080-exec-3] DEBUG org.mybatis.spring.SqlSessionUtils - Creating a new SqlSession
2025-12-16 09:55:22 [http-nio-8080-exec-1] DEBUG org.mybatis.spring.SqlSessionUtils - SqlSession [org.apache.ibatis.session.defaults.DefaultSqlSession@168ab991] was not registered for synchronization because synchronization is not active
2025-12-16 09:55:22 [http-nio-8080-exec-3] DEBUG org.mybatis.spring.SqlSessionUtils - SqlSession [org.apache.ibatis.session.defaults.DefaultSqlSession@2f5c9dd1] was not registered for synchronization because synchronization is not active
2025-12-16 09:55:22 [http-nio-8080-exec-1] DEBUG o.s.jdbc.datasource.DataSourceUtils - Fetching JDBC Connection from DataSource
2025-12-16 09:55:22 [http-nio-8080-exec-3] DEBUG o.s.jdbc.datasource.DataSourceUtils - Fetching JDBC Connection from DataSource
2025-12-16 09:55:22 [http-nio-8080-exec-3] DEBUG o.m.s.t.SpringManagedTransaction - JDBC Connection [HikariProxyConnection@1783353421 wrapping com.mysql.cj.jdbc.ConnectionImpl@7f4d3e96] will not be managed by Spring
2025-12-16 09:55:22 [http-nio-8080-exec-1] DEBUG o.m.s.t.SpringManagedTransaction - JDBC Connection [HikariProxyConnection@1874692429 wrapping com.mysql.cj.jdbc.ConnectionImpl@2109a691] will not be managed by Spring
2025-12-16 09:55:22 [http-nio-8080-exec-1] DEBUG c.e.d.m.O.AccountDinnersNumberList - ==>  Preparing: SELECT * FROM tb_account_diners_number WHERE account_id = ? AND diner_year = ? AND diner_month = ?
2025-12-16 09:55:22 [http-nio-8080-exec-3] DEBUG c.e.d.m.B.AccountEctDietList - ==>  Preparing: SELECT extra_diet1_name, extra_diet1_price, extra_diet2_name, extra_diet2_price, extra_diet3_name, extra_diet3_price, extra_diet4_name, extra_diet4_price, extra_diet5_name, extra_diet5_price FROM tb_account_info WHERE account_id = ?
2025-12-16 09:55:22 [http-nio-8080-exec-3] DEBUG c.e.d.m.B.AccountEctDietList - ==> Parameters: 20250819193458(String)
2025-12-16 09:55:22 [http-nio-8080-exec-1] DEBUG c.e.d.m.O.AccountDinnersNumberList - ==> Parameters: 20250819193458(String), 2025(String), 12(String)
2025-12-16 09:55:22 [http-nio-8080-exec-3] DEBUG c.e.d.m.B.AccountEctDietList - <==      Total: 1
2025-12-16 09:55:22 [http-nio-8080-exec-3] DEBUG org.mybatis.spring.SqlSessionUtils - Closing non transactional SqlSession [org.apache.ibatis.session.defaults.DefaultSqlSession@2f5c9dd1]
2025-12-16 09:55:22 [http-nio-8080-exec-1] DEBUG c.e.d.m.O.AccountDinnersNumberList - <==      Total: 0
2025-12-16 09:55:22 [http-nio-8080-exec-1] DEBUG org.mybatis.spring.SqlSessionUtils - Closing non transactional SqlSession [org.apache.ibatis.session.defaults.DefaultSqlSession@168ab991]
2025-12-16 09:55:25 [http-nio-8080-exec-5] DEBUG o.s.w.s.m.m.a.RequestMappingHandlerMapping - Mapped to com.example.demo.controller.OperateController#AccountDinnersNumberList(Map)
2025-12-16 09:55:25 [http-nio-8080-exec-4] DEBUG o.s.w.s.m.m.a.RequestMappingHandlerMapping - Mapped to com.example.demo.controller.BusinessController#AccountEctDietList(Map)
2025-12-16 09:55:25 [http-nio-8080-exec-4] DEBUG org.mybatis.spring.SqlSessionUtils - Creating a new SqlSession
2025-12-16 09:55:25 [http-nio-8080-exec-5] DEBUG org.mybatis.spring.SqlSessionUtils - Creating a new SqlSession
2025-12-16 09:55:25 [http-nio-8080-exec-4] DEBUG org.mybatis.spring.SqlSessionUtils - SqlSession [org.apache.ibatis.session.defaults.DefaultSqlSession@688867cf] was not registered for synchronization because synchronization is not active
2025-12-16 09:55:25 [http-nio-8080-exec-5] DEBUG org.mybatis.spring.SqlSessionUtils - SqlSession [org.apache.ibatis.session.defaults.DefaultSqlSession@485eaa96] was not registered for synchronization because synchronization is not active
2025-12-16 09:55:25 [http-nio-8080-exec-5] DEBUG o.s.jdbc.datasource.DataSourceUtils - Fetching JDBC Connection from DataSource
2025-12-16 09:55:25 [http-nio-8080-exec-4] DEBUG o.s.jdbc.datasource.DataSourceUtils - Fetching JDBC Connection from DataSource
2025-12-16 09:55:25 [http-nio-8080-exec-4] DEBUG o.m.s.t.SpringManagedTransaction - JDBC Connection [HikariProxyConnection@690635146 wrapping com.mysql.cj.jdbc.ConnectionImpl@2109a691] will not be managed by Spring
2025-12-16 09:55:25 [http-nio-8080-exec-5] DEBUG o.m.s.t.SpringManagedTransaction - JDBC Connection [HikariProxyConnection@335215612 wrapping com.mysql.cj.jdbc.ConnectionImpl@7f4d3e96] will not be managed by Spring
2025-12-16 09:55:25 [http-nio-8080-exec-5] DEBUG c.e.d.m.O.AccountDinnersNumberList - ==>  Preparing: SELECT * FROM tb_account_diners_number WHERE account_id = ? AND diner_year = ? AND diner_month = ?
2025-12-16 09:55:25 [http-nio-8080-exec-4] DEBUG c.e.d.m.B.AccountEctDietList - ==>  Preparing: SELECT extra_diet1_name, extra_diet1_price, extra_diet2_name, extra_diet2_price, extra_diet3_name, extra_diet3_price, extra_diet4_name, extra_diet4_price, extra_diet5_name, extra_diet5_price FROM tb_account_info WHERE account_id = ?
2025-12-16 09:55:25 [http-nio-8080-exec-5] DEBUG c.e.d.m.O.AccountDinnersNumberList - ==> Parameters: 20250819193455(String), 2025(String), 12(String)
2025-12-16 09:55:25 [http-nio-8080-exec-4] DEBUG c.e.d.m.B.AccountEctDietList - ==> Parameters: 20250819193455(String)
2025-12-16 09:55:25 [http-nio-8080-exec-4] DEBUG c.e.d.m.B.AccountEctDietList - <==      Total: 1
2025-12-16 09:55:25 [http-nio-8080-exec-4] DEBUG org.mybatis.spring.SqlSessionUtils - Closing non transactional SqlSession [org.apache.ibatis.session.defaults.DefaultSqlSession@688867cf]
2025-12-16 09:55:25 [http-nio-8080-exec-5] DEBUG c.e.d.m.O.AccountDinnersNumberList - <==      Total: 11
2025-12-16 09:55:25 [http-nio-8080-exec-5] DEBUG org.mybatis.spring.SqlSessionUtils - Closing non transactional SqlSession [org.apache.ibatis.session.defaults.DefaultSqlSession@485eaa96]
2025-12-16 12:23:38 [RMI TCP Connection(162)-127.0.0.1] INFO  o.s.b.a.SpringApplicationAdminMXBeanRegistrar$SpringApplicationAdmin - Application shutdown requested.
2025-12-16 12:23:38 [RMI TCP Connection(162)-127.0.0.1] INFO  o.s.b.w.e.tomcat.GracefulShutdown - Commencing graceful shutdown. Waiting for active requests to complete
2025-12-16 12:23:38 [tomcat-shutdown] INFO  o.a.coyote.http11.Http11NioProtocol - Pausing ProtocolHandler ["http-nio-8080"]
2025-12-16 12:23:38 [tomcat-shutdown] INFO  o.s.b.w.e.tomcat.GracefulShutdown - Graceful shutdown complete
2025-12-16 12:23:38 [RMI TCP Connection(162)-127.0.0.1] INFO  o.a.coyote.http11.Http11NioProtocol - Stopping ProtocolHandler ["http-nio-8080"]
2025-12-16 12:23:38 [RMI TCP Connection(162)-127.0.0.1] INFO  com.zaxxer.hikari.HikariDataSource - HikariPool-1 - Shutdown initiated...
2025-12-16 12:23:38 [RMI TCP Connection(162)-127.0.0.1] INFO  com.zaxxer.hikari.HikariDataSource - HikariPool-1 - Shutdown completed.
